2001:da8:205:6010:d558:c14d:1026:8d22 - - [28/Nov/2017:16:16:49 +0000] "GET / HTTP/1.1" 200 - "-" "Mozilla/5.0 (Windows NT 10.0; Win64; x64) AppleWebKit/537.36 (KHTML, like Gecko) Chrome/62.0.3202.94 Safari/537.36"
2001:da8:205:6010:d558:c14d:1026:8d22 - - [28/Nov/2017:16:16:58 +0000] "GET /css/style.css HTTP/1.1" 200 - "http://[2001:da8:205:20a0:aa87:db8e:3ed8:9c51]:3000/" "Mozilla/5.0 (Windows NT 10.0; Win64; x64) AppleWebKit/537.36 (KHTML, like Gecko) Chrome/62.0.3202.94 Safari/537.36"
2001:da8:205:6010:d558:c14d:1026:8d22 - - [28/Nov/2017:16:17:05 +0000] "GET /css/main.css HTTP/1.1" 200 - "http://[2001:da8:205:20a0:aa87:db8e:3ed8:9c51]:3000/" "Mozilla/5.0 (Windows NT 10.0; Win64; x64) AppleWebKit/537.36 (KHTML, like Gecko) Chrome/62.0.3202.94 Safari/537.36"
2001:da8:205:6010:d558:c14d:1026:8d22 - - [28/Nov/2017:16:17:59 +0000] "GET /img/2.jpg HTTP/1.1" 200 990254 "http://[2001:da8:205:20a0:aa87:db8e:3ed8:9c51]:3000/" "Mozilla/5.0 (Windows NT 10.0; Win64; x64) AppleWebKit/537.36 (KHTML, like Gecko) Chrome/62.0.3202.94 Safari/537.36"
2001:da8:205:6010:d558:c14d:1026:8d22 - - [28/Nov/2017:16:17:59 +0000] "GET /favicon.ico HTTP/1.1" 200 - "http://[2001:da8:205:20a0:aa87:db8e:3ed8:9c51]:3000/" "Mozilla/5.0 (Windows NT 10.0; Win64; x64) AppleWebKit/537.36 (KHTML, like Gecko) Chrome/62.0.3202.94 Safari/537.36"
2001:da8:205:6010:d558:c14d:1026:8d22 - - [28/Nov/2017:16:18:00 +0000] "GET / HTTP/1.1" 200 - "-" "Mozilla/5.0 (Windows NT 10.0; Win64; x64) AppleWebKit/537.36 (KHTML, like Gecko) Chrome/62.0.3202.94 Safari/537.36"
2001:da8:205:6010:d558:c14d:1026:8d22 - - [28/Nov/2017:16:18:02 +0000] "GET / HTTP/1.1" 200 - "-" "Mozilla/5.0 (Windows NT 10.0; Win64; x64) AppleWebKit/537.36 (KHTML, like Gecko) Chrome/62.0.3202.94 Safari/537.36"
2001:da8:205:6010:d558:c14d:1026:8d22 - - [28/Nov/2017:16:18:02 +0000] "GET /img/1.jpg HTTP/1.1" 200 695627 "http://[2001:da8:205:20a0:aa87:db8e:3ed8:9c51]:3000/" "Mozilla/5.0 (Windows NT 10.0; Win64; x64) AppleWebKit/537.36 (KHTML, like Gecko) Chrome/62.0.3202.94 Safari/537.36"
2001:da8:205:6010:d558:c14d:1026:8d22 - - [28/Nov/2017:16:18:08 +0000] "GET /img/3.jpg HTTP/1.1" 200 775896 "http://[2001:da8:205:20a0:aa87:db8e:3ed8:9c51]:3000/" "Mozilla/5.0 (Windows NT 10.0; Win64; x64) AppleWebKit/537.36 (KHTML, like Gecko) Chrome/62.0.3202.94 Safari/537.36"
2001:da8:205:6010:d558:c14d:1026:8d22 - - [28/Nov/2017:16:18:22 +0000] "GET /css/style.css HTTP/1.1" 304 - "http://[2001:da8:205:20a0:aa87:db8e:3ed8:9c51]:3000/" "Mozilla/5.0 (Windows NT 10.0; Win64; x64) AppleWebKit/537.36 (KHTML, like Gecko) Chrome/62.0.3202.94 Safari/537.36"
2001:da8:205:6010:d558:c14d:1026:8d22 - - [28/Nov/2017:16:18:32 +0000] "GET /css/main.css HTTP/1.1" 200 - "http://[2001:da8:205:20a0:aa87:db8e:3ed8:9c51]:3000/" "Mozilla/5.0 (Windows NT 10.0; Win64; x64) AppleWebKit/537.36 (KHTML, like Gecko) Chrome/62.0.3202.94 Safari/537.36"
2001:da8:205:6010:d558:c14d:1026:8d22 - - [28/Nov/2017:16:19:11 +0000] "GET /img/2.jpg HTTP/1.1" 206 1 "http://[2001:da8:205:20a0:aa87:db8e:3ed8:9c51]:3000/" "Mozilla/5.0 (Windows NT 10.0; Win64; x64) AppleWebKit/537.36 (KHTML, like Gecko) Chrome/62.0.3202.94 Safari/537.36"
2001:da8:205:6010:d558:c14d:1026:8d22 - - [28/Nov/2017:16:19:11 +0000] "GET /img/3.jpg HTTP/1.1" 206 1 "http://[2001:da8:205:20a0:aa87:db8e:3ed8:9c51]:3000/" "Mozilla/5.0 (Windows NT 10.0; Win64; x64) AppleWebKit/537.36 (KHTML, like Gecko) Chrome/62.0.3202.94 Safari/537.36"
2001:da8:205:6010:d558:c14d:1026:8d22 - - [28/Nov/2017:16:19:11 +0000] "GET /img/line.png HTTP/1.1" 200 1089 "http://[2001:da8:205:20a0:aa87:db8e:3ed8:9c51]:3000/" "Mozilla/5.0 (Windows NT 10.0; Win64; x64) AppleWebKit/537.36 (KHTML, like Gecko) Chrome/62.0.3202.94 Safari/537.36"
2001:da8:205:6010:d558:c14d:1026:8d22 - - [28/Nov/2017:16:19:11 +0000] "GET /img/bigdata.png HTTP/1.1" 200 3066 "http://[2001:da8:205:20a0:aa87:db8e:3ed8:9c51]:3000/" "Mozilla/5.0 (Windows NT 10.0; Win64; x64) AppleWebKit/537.36 (KHTML, like Gecko) Chrome/62.0.3202.94 Safari/537.36"
2001:da8:205:6010:d558:c14d:1026:8d22 - - [28/Nov/2017:16:19:20 +0000] "GET /favicon.ico HTTP/1.1" 200 - "http://[2001:da8:205:20a0:aa87:db8e:3ed8:9c51]:3000/" "Mozilla/5.0 (Windows NT 10.0; Win64; x64) AppleWebKit/537.36 (KHTML, like Gecko) Chrome/62.0.3202.94 Safari/537.36"
2001:da8:205:6010:d558:c14d:1026:8d22 - - [28/Nov/2017:16:19:20 +0000] "GET / HTTP/1.1" 200 - "-" "Mozilla/5.0 (Windows NT 10.0; Win64; x64) AppleWebKit/537.36 (KHTML, like Gecko) Chrome/62.0.3202.94 Safari/537.36"
2001:da8:205:6010:d558:c14d:1026:8d22 - - [28/Nov/2017:16:19:20 +0000] "GET /css/style.css HTTP/1.1" 304 - "http://[2001:da8:205:20a0:aa87:db8e:3ed8:9c51]:3000/" "Mozilla/5.0 (Windows NT 10.0; Win64; x64) AppleWebKit/537.36 (KHTML, like Gecko) Chrome/62.0.3202.94 Safari/537.36"
2001:da8:205:6010:d558:c14d:1026:8d22 - - [28/Nov/2017:16:19:21 +0000] "GET /css/main.css HTTP/1.1" 200 - "http://[2001:da8:205:20a0:aa87:db8e:3ed8:9c51]:3000/" "Mozilla/5.0 (Windows NT 10.0; Win64; x64) AppleWebKit/537.36 (KHTML, like Gecko) Chrome/62.0.3202.94 Safari/537.36"
2001:da8:205:6010:d558:c14d:1026:8d22 - - [28/Nov/2017:16:19:22 +0000] "GET /favicon.ico HTTP/1.1" 200 - "http://[2001:da8:205:20a0:aa87:db8e:3ed8:9c51]:3000/" "Mozilla/5.0 (Windows NT 10.0; Win64; x64) AppleWebKit/537.36 (KHTML, like Gecko) Chrome/62.0.3202.94 Safari/537.36"
2001:da8:205:6010:d558:c14d:1026:8d22 - - [28/Nov/2017:16:19:22 +0000] "GET /img/slide_right.png HTTP/1.1" 200 585 "http://[2001:da8:205:20a0:aa87:db8e:3ed8:9c51]:3000/css/style.css" "Mozilla/5.0 (Windows NT 10.0; Win64; x64) AppleWebKit/537.36 (KHTML, like Gecko) Chrome/62.0.3202.94 Safari/537.36"
2001:da8:205:6010:d558:c14d:1026:8d22 - - [28/Nov/2017:16:19:22 +0000] "GET /img/slide_left.png HTTP/1.1" 200 565 "http://[2001:da8:205:20a0:aa87:db8e:3ed8:9c51]:3000/css/style.css" "Mozilla/5.0 (Windows NT 10.0; Win64; x64) AppleWebKit/537.36 (KHTML, like Gecko) Chrome/62.0.3202.94 Safari/537.36"
2001:da8:205:6010:d558:c14d:1026:8d22 - - [28/Nov/2017:16:19:22 +0000] "GET / HTTP/1.1" 200 - "-" "Mozilla/5.0 (Windows NT 10.0; Win64; x64) AppleWebKit/537.36 (KHTML, like Gecko) Chrome/62.0.3202.94 Safari/537.36"
2001:da8:205:6010:d558:c14d:1026:8d22 - - [28/Nov/2017:16:19:23 +0000] "GET /css/style.css HTTP/1.1" 304 - "http://[2001:da8:205:20a0:aa87:db8e:3ed8:9c51]:3000/" "Mozilla/5.0 (Windows NT 10.0; Win64; x64) AppleWebKit/537.36 (KHTML, like Gecko) Chrome/62.0.3202.94 Safari/537.36"
2001:da8:205:6010:d558:c14d:1026:8d22 - - [28/Nov/2017:16:20:48 +0000] "GET /img/line.png HTTP/1.1" 200 1089 "http://[2001:da8:205:20a0:aa87:db8e:3ed8:9c51]:3000/" "Mozilla/5.0 (Windows NT 10.0; Win64; x64) AppleWebKit/537.36 (KHTML, like Gecko) Chrome/62.0.3202.94 Safari/537.36"
2001:da8:205:6010:d558:c14d:1026:8d22 - - [28/Nov/2017:16:20:48 +0000] "GET /img/bigdata.png HTTP/1.1" 200 3066 "http://[2001:da8:205:20a0:aa87:db8e:3ed8:9c51]:3000/" "Mozilla/5.0 (Windows NT 10.0; Win64; x64) AppleWebKit/537.36 (KHTML, like Gecko) Chrome/62.0.3202.94 Safari/537.36"
2001:da8:205:6010:d558:c14d:1026:8d22 - - [28/Nov/2017:16:20:48 +0000] "GET /img/os.png HTTP/1.1" 200 2045 "http://[2001:da8:205:20a0:aa87:db8e:3ed8:9c51]:3000/" "Mozilla/5.0 (Windows NT 10.0; Win64; x64) AppleWebKit/537.36 (KHTML, like Gecko) Chrome/62.0.3202.94 Safari/537.36"
2001:da8:205:6010:d558:c14d:1026:8d22 - - [28/Nov/2017:16:21:03 +0000] "GET /img/hhh.png HTTP/1.1" 200 5759 "http://[2001:da8:205:20a0:aa87:db8e:3ed8:9c51]:3000/" "Mozilla/5.0 (Windows NT 10.0; Win64; x64) AppleWebKit/537.36 (KHTML, like Gecko) Chrome/62.0.3202.94 Safari/537.36"
2001:da8:205:6010:d558:c14d:1026:8d22 - - [28/Nov/2017:16:21:23 +0000] "GET /css/main.css HTTP/1.1" 200 - "http://[2001:da8:205:20a0:aa87:db8e:3ed8:9c51]:3000/" "Mozilla/5.0 (Windows NT 10.0; Win64; x64) AppleWebKit/537.36 (KHTML, like Gecko) Chrome/62.0.3202.94 Safari/537.36"
2001:da8:205:6010:d558:c14d:1026:8d22 - - [28/Nov/2017:16:23:36 +0000] "GET /img/2.jpg HTTP/1.1" 200 990254 "http://[2001:da8:205:20a0:aa87:db8e:3ed8:9c51]:3000/" "Mozilla/5.0 (Windows NT 10.0; Win64; x64) AppleWebKit/537.36 (KHTML, like Gecko) Chrome/62.0.3202.94 Safari/537.36"
2001:da8:205:6010:d558:c14d:1026:8d22 - - [28/Nov/2017:16:24:41 +0000] "GET /img/3.jpg HTTP/1.1" 200 775896 "http://[2001:da8:205:20a0:aa87:db8e:3ed8:9c51]:3000/" "Mozilla/5.0 (Windows NT 10.0; Win64; x64) AppleWebKit/537.36 (KHTML, like Gecko) Chrome/62.0.3202.94 Safari/537.36"
2001:da8:205:6010:d558:c14d:1026:8d22 - - [28/Nov/2017:16:27:35 +0000] "GET /img/line1.png HTTP/1.1" 200 - "http://[2001:da8:205:20a0:aa87:db8e:3ed8:9c51]:3000/" "Mozilla/5.0 (Windows NT 10.0; Win64; x64) AppleWebKit/537.36 (KHTML, like Gecko) Chrome/62.0.3202.94 Safari/537.36"
2001:da8:205:6010:d558:c14d:1026:8d22 - - [28/Nov/2017:16:27:36 +0000] "GET /img/cisco.jpeg HTTP/1.1" 200 14945 "http://[2001:da8:205:20a0:aa87:db8e:3ed8:9c51]:3000/" "Mozilla/5.0 (Windows NT 10.0; Win64; x64) AppleWebKit/537.36 (KHTML, like Gecko) Chrome/62.0.3202.94 Safari/537.36"
2001:da8:205:6010:d558:c14d:1026:8d22 - - [28/Nov/2017:16:27:47 +0000] "GET /js/vendor.js HTTP/1.1" 200 - "http://[2001:da8:205:20a0:aa87:db8e:3ed8:9c51]:3000/" "Mozilla/5.0 (Windows NT 10.0; Win64; x64) AppleWebKit/537.36 (KHTML, like Gecko) Chrome/62.0.3202.94 Safari/537.36"
2001:da8:205:6010:d558:c14d:1026:8d22 - - [28/Nov/2017:16:28:15 +0000] "GET /js/vendor.bundle.js HTTP/1.1" 200 - "http://[2001:da8:205:20a0:aa87:db8e:3ed8:9c51]:3000/" "Mozilla/5.0 (Windows NT 10.0; Win64; x64) AppleWebKit/537.36 (KHTML, like Gecko) Chrome/62.0.3202.94 Safari/537.36"
2001:da8:205:6010:d558:c14d:1026:8d22 - - [28/Nov/2017:16:28:29 +0000] "GET /js/bundle.js HTTP/1.1" 200 - "http://[2001:da8:205:20a0:aa87:db8e:3ed8:9c51]:3000/" "Mozilla/5.0 (Windows NT 10.0; Win64; x64) AppleWebKit/537.36 (KHTML, like Gecko) Chrome/62.0.3202.94 Safari/537.36"
2001:da8:205:6010:d558:c14d:1026:8d22 - - [28/Nov/2017:16:28:31 +0000] "GET /img/ruijie_sw.jpg HTTP/1.1" 200 58747 "http://[2001:da8:205:20a0:aa87:db8e:3ed8:9c51]:3000/" "Mozilla/5.0 (Windows NT 10.0; Win64; x64) AppleWebKit/537.36 (KHTML, like Gecko) Chrome/62.0.3202.94 Safari/537.36"
2001:da8:205:6010:d558:c14d:1026:8d22 - - [28/Nov/2017:16:28:48 +0000] "GET /img/1.jpg HTTP/1.1" 200 695627 "http://[2001:da8:205:20a0:aa87:db8e:3ed8:9c51]:3000/" "Mozilla/5.0 (Windows NT 10.0; Win64; x64) AppleWebKit/537.36 (KHTML, like Gecko) Chrome/62.0.3202.94 Safari/537.36"
2001:da8:205:6010:d558:c14d:1026:8d22 - - [28/Nov/2017:16:30:05 +0000] "GET /css/style.css HTTP/1.1" 304 - "http://[2001:da8:205:20a0:aa87:db8e:3ed8:9c51]:3000/" "Mozilla/5.0 (Windows NT 10.0; Win64; x64) AppleWebKit/537.36 (KHTML, like Gecko) Chrome/62.0.3202.94 Safari/537.36"
2001:da8:205:6010:d558:c14d:1026:8d22 - - [28/Nov/2017:16:30:21 +0000] "GET /css/main.css HTTP/1.1" 200 - "http://[2001:da8:205:20a0:aa87:db8e:3ed8:9c51]:3000/" "Mozilla/5.0 (Windows NT 10.0; Win64; x64) AppleWebKit/537.36 (KHTML, like Gecko) Chrome/62.0.3202.94 Safari/537.36"
2001:da8:205:6010:d558:c14d:1026:8d22 - - [28/Nov/2017:16:30:35 +0000] "GET /pptx HTTP/1.1" 200 - "-" "Mozilla/5.0 (Windows NT 10.0; Win64; x64) AppleWebKit/537.36 (KHTML, like Gecko) Chrome/62.0.3202.94 Safari/537.36"
2001:da8:205:6010:d558:c14d:1026:8d22 - - [28/Nov/2017:16:30:36 +0000] "GET /css/style.css HTTP/1.1" 304 - "http://[2001:da8:205:20a0:aa87:db8e:3ed8:9c51]:3000/pptx" "Mozilla/5.0 (Windows NT 10.0; Win64; x64) AppleWebKit/537.36 (KHTML, like Gecko) Chrome/62.0.3202.94 Safari/537.36"
2001:da8:205:6010:d558:c14d:1026:8d22 - - [28/Nov/2017:16:30:39 +0000] "GET /css/main.css HTTP/1.1" 200 - "http://[2001:da8:205:20a0:aa87:db8e:3ed8:9c51]:3000/pptx" "Mozilla/5.0 (Windows NT 10.0; Win64; x64) AppleWebKit/537.36 (KHTML, like Gecko) Chrome/62.0.3202.94 Safari/537.36"
2001:da8:205:6010:d558:c14d:1026:8d22 - - [28/Nov/2017:16:30:49 +0000] "GET /base.pptx HTTP/1.1" 200 - "-" "Mozilla/5.0 (Windows NT 10.0; Win64; x64) AppleWebKit/537.36 (KHTML, like Gecko) Chrome/62.0.3202.94 Safari/537.36"
2001:da8:205:6010:d558:c14d:1026:8d22 - - [28/Nov/2017:16:30:51 +0000] "GET /css/style.css HTTP/1.1" 304 - "http://[2001:da8:205:20a0:aa87:db8e:3ed8:9c51]:3000/base.pptx" "Mozilla/5.0 (Windows NT 10.0; Win64; x64) AppleWebKit/537.36 (KHTML, like Gecko) Chrome/62.0.3202.94 Safari/537.36"
2001:da8:205:6010:d558:c14d:1026:8d22 - - [28/Nov/2017:16:30:53 +0000] "GET /js/vendor.bundle.js HTTP/1.1" 200 - "http://[2001:da8:205:20a0:aa87:db8e:3ed8:9c51]:3000/pptx" "Mozilla/5.0 (Windows NT 10.0; Win64; x64) AppleWebKit/537.36 (KHTML, like Gecko) Chrome/62.0.3202.94 Safari/537.36"
2001:da8:205:6010:d558:c14d:1026:8d22 - - [28/Nov/2017:16:31:06 +0000] "GET /js/bundle.js HTTP/1.1" 200 - "http://[2001:da8:205:20a0:aa87:db8e:3ed8:9c51]:3000/pptx" "Mozilla/5.0 (Windows NT 10.0; Win64; x64) AppleWebKit/537.36 (KHTML, like Gecko) Chrome/62.0.3202.94 Safari/537.36"
2001:da8:205:6010:d558:c14d:1026:8d22 - - [28/Nov/2017:16:31:17 +0000] "GET /css/main.css HTTP/1.1" 200 - "http://[2001:da8:205:20a0:aa87:db8e:3ed8:9c51]:3000/base.pptx" "Mozilla/5.0 (Windows NT 10.0; Win64; x64) AppleWebKit/537.36 (KHTML, like Gecko) Chrome/62.0.3202.94 Safari/537.36"
2001:da8:205:6010:d558:c14d:1026:8d22 - - [28/Nov/2017:16:31:25 +0000] "GET /js/bundle.js HTTP/1.1" 200 - "http://[2001:da8:205:20a0:aa87:db8e:3ed8:9c51]:3000/base.pptx" "Mozilla/5.0 (Windows NT 10.0; Win64; x64) AppleWebKit/537.36 (KHTML, like Gecko) Chrome/62.0.3202.94 Safari/537.36"
2001:da8:205:6010:d558:c14d:1026:8d22 - - [28/Nov/2017:16:31:33 +0000] "GET /js/vendor.js HTTP/1.1" 200 - "http://[2001:da8:205:20a0:aa87:db8e:3ed8:9c51]:3000/pptx" "Mozilla/5.0 (Windows NT 10.0; Win64; x64) AppleWebKit/537.36 (KHTML, like Gecko) Chrome/62.0.3202.94 Safari/537.36"
2001:da8:205:6010:d558:c14d:1026:8d22 - - [28/Nov/2017:16:31:56 +0000] "GET /img/tianrongxin.png HTTP/1.1" 200 43763 "http://[2001:da8:205:20a0:aa87:db8e:3ed8:9c51]:3000/" "Mozilla/5.0 (Windows NT 10.0; Win64; x64) AppleWebKit/537.36 (KHTML, like Gecko) Chrome/62.0.3202.94 Safari/537.36"
2001:da8:205:6010:d558:c14d:1026:8d22 - - [28/Nov/2017:16:32:51 +0000] "GET /js/vendor.js HTTP/1.1" 200 - "http://[2001:da8:205:20a0:aa87:db8e:3ed8:9c51]:3000/base.pptx" "Mozilla/5.0 (Windows NT 10.0; Win64; x64) AppleWebKit/537.36 (KHTML, like Gecko) Chrome/62.0.3202.94 Safari/537.36"
2001:da8:205:6010:d558:c14d:1026:8d22 - - [28/Nov/2017:16:33:59 +0000] "GET /base.pptx HTTP/1.1" 200 - "-" "Mozilla/5.0 (Windows NT 10.0; Win64; x64) AppleWebKit/537.36 (KHTML, like Gecko) Chrome/62.0.3202.94 Safari/537.36"
2001:da8:205:6010:d558:c14d:1026:8d22 - - [28/Nov/2017:16:33:59 +0000] "GET /css/style.css HTTP/1.1" 304 - "http://[2001:da8:205:20a0:aa87:db8e:3ed8:9c51]:3000/base.pptx" "Mozilla/5.0 (Windows NT 10.0; Win64; x64) AppleWebKit/537.36 (KHTML, like Gecko) Chrome/62.0.3202.94 Safari/537.36"
2001:da8:205:6010:d558:c14d:1026:8d22 - - [28/Nov/2017:16:33:59 +0000] "GET /js/bundle.js HTTP/1.1" 304 - "http://[2001:da8:205:20a0:aa87:db8e:3ed8:9c51]:3000/base.pptx" "Mozilla/5.0 (Windows NT 10.0; Win64; x64) AppleWebKit/537.36 (KHTML, like Gecko) Chrome/62.0.3202.94 Safari/537.36"
2001:da8:205:6010:d558:c14d:1026:8d22 - - [28/Nov/2017:16:34:01 +0000] "GET /css/main.css HTTP/1.1" 200 - "http://[2001:da8:205:20a0:aa87:db8e:3ed8:9c51]:3000/base.pptx" "Mozilla/5.0 (Windows NT 10.0; Win64; x64) AppleWebKit/537.36 (KHTML, like Gecko) Chrome/62.0.3202.94 Safari/537.36"
2001:da8:205:6010:d558:c14d:1026:8d22 - - [28/Nov/2017:16:34:40 +0000] "GET /base.pptx HTTP/1.1" 200 - "-" "Mozilla/5.0 (Windows NT 10.0; Win64; x64) AppleWebKit/537.36 (KHTML, like Gecko) Chrome/62.0.3202.94 Safari/537.36"
2001:da8:205:6010:d558:c14d:1026:8d22 - - [28/Nov/2017:16:34:40 +0000] "GET /css/main.css HTTP/1.1" 304 - "http://[2001:da8:205:20a0:aa87:db8e:3ed8:9c51]:3000/base.pptx" "Mozilla/5.0 (Windows NT 10.0; Win64; x64) AppleWebKit/537.36 (KHTML, like Gecko) Chrome/62.0.3202.94 Safari/537.36"
2001:da8:205:6010:d558:c14d:1026:8d22 - - [28/Nov/2017:16:34:40 +0000] "GET /css/style.css HTTP/1.1" 304 - "http://[2001:da8:205:20a0:aa87:db8e:3ed8:9c51]:3000/base.pptx" "Mozilla/5.0 (Windows NT 10.0; Win64; x64) AppleWebKit/537.36 (KHTML, like Gecko) Chrome/62.0.3202.94 Safari/537.36"
2001:da8:205:6010:d558:c14d:1026:8d22 - - [28/Nov/2017:16:34:40 +0000] "GET /js/bundle.js HTTP/1.1" 304 - "http://[2001:da8:205:20a0:aa87:db8e:3ed8:9c51]:3000/base.pptx" "Mozilla/5.0 (Windows NT 10.0; Win64; x64) AppleWebKit/537.36 (KHTML, like Gecko) Chrome/62.0.3202.94 Safari/537.36"
2001:da8:205:6010:d558:c14d:1026:8d22 - - [28/Nov/2017:16:34:45 +0000] "GET /js/vendor.js HTTP/1.1" 200 - "http://[2001:da8:205:20a0:aa87:db8e:3ed8:9c51]:3000/base.pptx" "Mozilla/5.0 (Windows NT 10.0; Win64; x64) AppleWebKit/537.36 (KHTML, like Gecko) Chrome/62.0.3202.94 Safari/537.36"
2001:da8:205:6010:d558:c14d:1026:8d22 - - [28/Nov/2017:16:35:00 +0000] "GET /js/vendor.bundle.js HTTP/1.1" 200 - "http://[2001:da8:205:20a0:aa87:db8e:3ed8:9c51]:3000/base.pptx" "Mozilla/5.0 (Windows NT 10.0; Win64; x64) AppleWebKit/537.36 (KHTML, like Gecko) Chrome/62.0.3202.94 Safari/537.36"
2001:da8:205:6010:d558:c14d:1026:8d22 - - [28/Nov/2017:16:35:02 +0000] "GET /favicon.ico HTTP/1.1" 200 - "http://[2001:da8:205:20a0:aa87:db8e:3ed8:9c51]:3000/base.pptx" "Mozilla/5.0 (Windows NT 10.0; Win64; x64) AppleWebKit/537.36 (KHTML, like Gecko) Chrome/62.0.3202.94 Safari/537.36"
2001:da8:205:6010:d558:c14d:1026:8d22 - - [28/Nov/2017:16:35:03 +0000] "GET /base.pptx HTTP/1.1" 200 - "-" "Mozilla/5.0 (Windows NT 10.0; Win64; x64) AppleWebKit/537.36 (KHTML, like Gecko) Chrome/62.0.3202.94 Safari/537.36"
2001:da8:205:6010:d558:c14d:1026:8d22 - - [28/Nov/2017:16:35:03 +0000] "GET /css/main.css HTTP/1.1" 304 - "http://[2001:da8:205:20a0:aa87:db8e:3ed8:9c51]:3000/base.pptx" "Mozilla/5.0 (Windows NT 10.0; Win64; x64) AppleWebKit/537.36 (KHTML, like Gecko) Chrome/62.0.3202.94 Safari/537.36"
2001:da8:205:6010:d558:c14d:1026:8d22 - - [28/Nov/2017:16:35:03 +0000] "GET /css/style.css HTTP/1.1" 304 - "http://[2001:da8:205:20a0:aa87:db8e:3ed8:9c51]:3000/base.pptx" "Mozilla/5.0 (Windows NT 10.0; Win64; x64) AppleWebKit/537.36 (KHTML, like Gecko) Chrome/62.0.3202.94 Safari/537.36"
2001:da8:205:6010:d558:c14d:1026:8d22 - - [28/Nov/2017:16:35:03 +0000] "GET /js/bundle.js HTTP/1.1" 304 - "http://[2001:da8:205:20a0:aa87:db8e:3ed8:9c51]:3000/base.pptx" "Mozilla/5.0 (Windows NT 10.0; Win64; x64) AppleWebKit/537.36 (KHTML, like Gecko) Chrome/62.0.3202.94 Safari/537.36"
2001:da8:205:6010:d558:c14d:1026:8d22 - - [28/Nov/2017:16:35:07 +0000] "GET /js/vendor.js HTTP/1.1" 200 - "http://[2001:da8:205:20a0:aa87:db8e:3ed8:9c51]:3000/base.pptx" "Mozilla/5.0 (Windows NT 10.0; Win64; x64) AppleWebKit/537.36 (KHTML, like Gecko) Chrome/62.0.3202.94 Safari/537.36"
2001:da8:205:6010:d558:c14d:1026:8d22 - - [28/Nov/2017:16:35:20 +0000] "GET /js/vendor.bundle.js HTTP/1.1" 200 - "http://[2001:da8:205:20a0:aa87:db8e:3ed8:9c51]:3000/base.pptx" "Mozilla/5.0 (Windows NT 10.0; Win64; x64) AppleWebKit/537.36 (KHTML, like Gecko) Chrome/62.0.3202.94 Safari/537.36"
2001:da8:205:6010:d558:c14d:1026:8d22 - - [28/Nov/2017:16:35:43 +0000] "GET /js/vendor.bundle.js HTTP/1.1" 200 - "http://[2001:da8:205:20a0:aa87:db8e:3ed8:9c51]:3000/base.pptx" "Mozilla/5.0 (Windows NT 10.0; Win64; x64) AppleWebKit/537.36 (KHTML, like Gecko) Chrome/62.0.3202.94 Safari/537.36"
2001:da8:205:6010:d558:c14d:1026:8d22 - - [28/Nov/2017:16:35:44 +0000] "GET /services HTTP/1.1" 200 - "http://[2001:da8:205:20a0:aa87:db8e:3ed8:9c51]:3000/base.pptx" "Mozilla/5.0 (Windows NT 10.0; Win64; x64) AppleWebKit/537.36 (KHTML, like Gecko) Chrome/62.0.3202.94 Safari/537.36"
2001:da8:205:6010:d558:c14d:1026:8d22 - - [28/Nov/2017:16:35:44 +0000] "GET /css/main.css HTTP/1.1" 304 - "http://[2001:da8:205:20a0:aa87:db8e:3ed8:9c51]:3000/services" "Mozilla/5.0 (Windows NT 10.0; Win64; x64) AppleWebKit/537.36 (KHTML, like Gecko) Chrome/62.0.3202.94 Safari/537.36"
2001:da8:205:6010:d558:c14d:1026:8d22 - - [28/Nov/2017:16:35:44 +0000] "GET /css/style.css HTTP/1.1" 304 - "http://[2001:da8:205:20a0:aa87:db8e:3ed8:9c51]:3000/services" "Mozilla/5.0 (Windows NT 10.0; Win64; x64) AppleWebKit/537.36 (KHTML, like Gecko) Chrome/62.0.3202.94 Safari/537.36"
2001:da8:205:6010:d558:c14d:1026:8d22 - - [28/Nov/2017:16:35:44 +0000] "GET /js/bundle.js HTTP/1.1" 304 - "http://[2001:da8:205:20a0:aa87:db8e:3ed8:9c51]:3000/services" "Mozilla/5.0 (Windows NT 10.0; Win64; x64) AppleWebKit/537.36 (KHTML, like Gecko) Chrome/62.0.3202.94 Safari/537.36"
2001:da8:205:6010:d558:c14d:1026:8d22 - - [28/Nov/2017:16:35:44 +0000] "GET /img/1.jpg HTTP/1.1" 206 1 "http://[2001:da8:205:20a0:aa87:db8e:3ed8:9c51]:3000/css/style.css" "Mozilla/5.0 (Windows NT 10.0; Win64; x64) AppleWebKit/537.36 (KHTML, like Gecko) Chrome/62.0.3202.94 Safari/537.36"
2001:da8:205:6010:d558:c14d:1026:8d22 - - [28/Nov/2017:16:35:58 +0000] "GET /js/vendor.js HTTP/1.1" 200 - "http://[2001:da8:205:20a0:aa87:db8e:3ed8:9c51]:3000/base.pptx" "Mozilla/5.0 (Windows NT 10.0; Win64; x64) AppleWebKit/537.36 (KHTML, like Gecko) Chrome/62.0.3202.94 Safari/537.36"
2001:da8:205:6010:d558:c14d:1026:8d22 - - [28/Nov/2017:16:35:58 +0000] "GET / HTTP/1.1" 200 - "http://[2001:da8:205:20a0:aa87:db8e:3ed8:9c51]:3000/services" "Mozilla/5.0 (Windows NT 10.0; Win64; x64) AppleWebKit/537.36 (KHTML, like Gecko) Chrome/62.0.3202.94 Safari/537.36"
2001:da8:205:6010:d558:c14d:1026:8d22 - - [28/Nov/2017:16:35:59 +0000] "GET /js/vendor.js HTTP/1.1" 200 - "http://[2001:da8:205:20a0:aa87:db8e:3ed8:9c51]:3000/services" "Mozilla/5.0 (Windows NT 10.0; Win64; x64) AppleWebKit/537.36 (KHTML, like Gecko) Chrome/62.0.3202.94 Safari/537.36"
2001:da8:205:6010:d558:c14d:1026:8d22 - - [28/Nov/2017:16:35:59 +0000] "GET /css/main.css HTTP/1.1" 304 - "http://[2001:da8:205:20a0:aa87:db8e:3ed8:9c51]:3000/" "Mozilla/5.0 (Windows NT 10.0; Win64; x64) AppleWebKit/537.36 (KHTML, like Gecko) Chrome/62.0.3202.94 Safari/537.36"
2001:da8:205:6010:d558:c14d:1026:8d22 - - [28/Nov/2017:16:35:59 +0000] "GET /css/style.css HTTP/1.1" 304 - "http://[2001:da8:205:20a0:aa87:db8e:3ed8:9c51]:3000/" "Mozilla/5.0 (Windows NT 10.0; Win64; x64) AppleWebKit/537.36 (KHTML, like Gecko) Chrome/62.0.3202.94 Safari/537.36"
2001:da8:205:6010:d558:c14d:1026:8d22 - - [28/Nov/2017:16:35:59 +0000] "GET /js/bundle.js HTTP/1.1" 304 - "http://[2001:da8:205:20a0:aa87:db8e:3ed8:9c51]:3000/" "Mozilla/5.0 (Windows NT 10.0; Win64; x64) AppleWebKit/537.36 (KHTML, like Gecko) Chrome/62.0.3202.94 Safari/537.36"
2001:da8:205:6010:d558:c14d:1026:8d22 - - [28/Nov/2017:16:35:59 +0000] "GET /img/1.jpg HTTP/1.1" 206 1 "http://[2001:da8:205:20a0:aa87:db8e:3ed8:9c51]:3000/" "Mozilla/5.0 (Windows NT 10.0; Win64; x64) AppleWebKit/537.36 (KHTML, like Gecko) Chrome/62.0.3202.94 Safari/537.36"
2001:da8:205:6010:d558:c14d:1026:8d22 - - [28/Nov/2017:16:35:59 +0000] "GET /img/2.jpg HTTP/1.1" 206 1 "http://[2001:da8:205:20a0:aa87:db8e:3ed8:9c51]:3000/" "Mozilla/5.0 (Windows NT 10.0; Win64; x64) AppleWebKit/537.36 (KHTML, like Gecko) Chrome/62.0.3202.94 Safari/537.36"
2001:da8:205:6010:d558:c14d:1026:8d22 - - [28/Nov/2017:16:35:59 +0000] "GET /img/3.jpg HTTP/1.1" 206 1 "http://[2001:da8:205:20a0:aa87:db8e:3ed8:9c51]:3000/" "Mozilla/5.0 (Windows NT 10.0; Win64; x64) AppleWebKit/537.36 (KHTML, like Gecko) Chrome/62.0.3202.94 Safari/537.36"
2001:da8:205:6010:d558:c14d:1026:8d22 - - [28/Nov/2017:16:35:59 +0000] "GET /img/os.png HTTP/1.1" 304 - "http://[2001:da8:205:20a0:aa87:db8e:3ed8:9c51]:3000/" "Mozilla/5.0 (Windows NT 10.0; Win64; x64) AppleWebKit/537.36 (KHTML, like Gecko) Chrome/62.0.3202.94 Safari/537.36"
2001:da8:205:6010:d558:c14d:1026:8d22 - - [28/Nov/2017:16:35:59 +0000] "GET /img/line.png HTTP/1.1" 304 - "http://[2001:da8:205:20a0:aa87:db8e:3ed8:9c51]:3000/" "Mozilla/5.0 (Windows NT 10.0; Win64; x64) AppleWebKit/537.36 (KHTML, like Gecko) Chrome/62.0.3202.94 Safari/537.36"
2001:da8:205:6010:d558:c14d:1026:8d22 - - [28/Nov/2017:16:35:59 +0000] "GET /img/line1.png HTTP/1.1" 200 - "http://[2001:da8:205:20a0:aa87:db8e:3ed8:9c51]:3000/" "Mozilla/5.0 (Windows NT 10.0; Win64; x64) AppleWebKit/537.36 (KHTML, like Gecko) Chrome/62.0.3202.94 Safari/537.36"
2001:da8:205:6010:d558:c14d:1026:8d22 - - [28/Nov/2017:16:35:59 +0000] "GET /img/1.jpg HTTP/1.1" 206 655591 "http://[2001:da8:205:20a0:aa87:db8e:3ed8:9c51]:3000/css/style.css" "Mozilla/5.0 (Windows NT 10.0; Win64; x64) AppleWebKit/537.36 (KHTML, like Gecko) Chrome/62.0.3202.94 Safari/537.36"
2001:da8:205:6010:d558:c14d:1026:8d22 - - [28/Nov/2017:16:35:59 +0000] "GET /img/cisco.jpeg HTTP/1.1" 304 - "http://[2001:da8:205:20a0:aa87:db8e:3ed8:9c51]:3000/" "Mozilla/5.0 (Windows NT 10.0; Win64; x64) AppleWebKit/537.36 (KHTML, like Gecko) Chrome/62.0.3202.94 Safari/537.36"
2001:da8:205:6010:d558:c14d:1026:8d22 - - [28/Nov/2017:16:35:59 +0000] "GET /img/tianrongxin.png HTTP/1.1" 206 1 "http://[2001:da8:205:20a0:aa87:db8e:3ed8:9c51]:3000/" "Mozilla/5.0 (Windows NT 10.0; Win64; x64) AppleWebKit/537.36 (KHTML, like Gecko) Chrome/62.0.3202.94 Safari/537.36"
2001:da8:205:6010:d558:c14d:1026:8d22 - - [28/Nov/2017:16:35:59 +0000] "GET /img/slide_right.png HTTP/1.1" 304 - "http://[2001:da8:205:20a0:aa87:db8e:3ed8:9c51]:3000/css/style.css" "Mozilla/5.0 (Windows NT 10.0; Win64; x64) AppleWebKit/537.36 (KHTML, like Gecko) Chrome/62.0.3202.94 Safari/537.36"
2001:da8:205:6010:d558:c14d:1026:8d22 - - [28/Nov/2017:16:35:59 +0000] "GET /img/slide_left.png HTTP/1.1" 304 - "http://[2001:da8:205:20a0:aa87:db8e:3ed8:9c51]:3000/css/style.css" "Mozilla/5.0 (Windows NT 10.0; Win64; x64) AppleWebKit/537.36 (KHTML, like Gecko) Chrome/62.0.3202.94 Safari/537.36"
2001:da8:205:6010:d558:c14d:1026:8d22 - - [28/Nov/2017:16:35:59 +0000] "GET /img/tianrongxin_ids.jpg HTTP/1.1" 200 20137 "http://[2001:da8:205:20a0:aa87:db8e:3ed8:9c51]:3000/" "Mozilla/5.0 (Windows NT 10.0; Win64; x64) AppleWebKit/537.36 (KHTML, like Gecko) Chrome/62.0.3202.94 Safari/537.36"
2001:da8:205:6010:d558:c14d:1026:8d22 - - [28/Nov/2017:16:35:59 +0000] "GET /img/ruijie_sw.jpg HTTP/1.1" 206 1 "http://[2001:da8:205:20a0:aa87:db8e:3ed8:9c51]:3000/" "Mozilla/5.0 (Windows NT 10.0; Win64; x64) AppleWebKit/537.36 (KHTML, like Gecko) Chrome/62.0.3202.94 Safari/537.36"
2001:da8:205:6010:d558:c14d:1026:8d22 - - [28/Nov/2017:16:35:59 +0000] "GET /img/bigdata.png HTTP/1.1" 304 - "http://[2001:da8:205:20a0:aa87:db8e:3ed8:9c51]:3000/" "Mozilla/5.0 (Windows NT 10.0; Win64; x64) AppleWebKit/537.36 (KHTML, like Gecko) Chrome/62.0.3202.94 Safari/537.36"
2001:da8:205:6010:d558:c14d:1026:8d22 - - [28/Nov/2017:16:36:00 +0000] "GET /img/hhh.png HTTP/1.1" 304 - "http://[2001:da8:205:20a0:aa87:db8e:3ed8:9c51]:3000/" "Mozilla/5.0 (Windows NT 10.0; Win64; x64) AppleWebKit/537.36 (KHTML, like Gecko) Chrome/62.0.3202.94 Safari/537.36"
2001:da8:205:6010:d558:c14d:1026:8d22 - - [28/Nov/2017:16:36:00 +0000] "GET /img/ruijie_sw.jpg HTTP/1.1" 206 53269 "http://[2001:da8:205:20a0:aa87:db8e:3ed8:9c51]:3000/" "Mozilla/5.0 (Windows NT 10.0; Win64; x64) AppleWebKit/537.36 (KHTML, like Gecko) Chrome/62.0.3202.94 Safari/537.36"
2001:da8:205:6010:d558:c14d:1026:8d22 - - [28/Nov/2017:16:36:03 +0000] "GET /img/tianrongxin.png HTTP/1.1" 206 33964 "http://[2001:da8:205:20a0:aa87:db8e:3ed8:9c51]:3000/" "Mozilla/5.0 (Windows NT 10.0; Win64; x64) AppleWebKit/537.36 (KHTML, like Gecko) Chrome/62.0.3202.94 Safari/537.36"
2001:da8:205:6010:d558:c14d:1026:8d22 - - [28/Nov/2017:16:36:08 +0000] "GET /js/vendor.js HTTP/1.1" 200 - "http://[2001:da8:205:20a0:aa87:db8e:3ed8:9c51]:3000/" "Mozilla/5.0 (Windows NT 10.0; Win64; x64) AppleWebKit/537.36 (KHTML, like Gecko) Chrome/62.0.3202.94 Safari/537.36"
2001:da8:205:6010:d558:c14d:1026:8d22 - - [28/Nov/2017:16:36:39 +0000] "GET /js/vendor.bundle.js HTTP/1.1" 200 - "http://[2001:da8:205:20a0:aa87:db8e:3ed8:9c51]:3000/services" "Mozilla/5.0 (Windows NT 10.0; Win64; x64) AppleWebKit/537.36 (KHTML, like Gecko) Chrome/62.0.3202.94 Safari/537.36"
2001:da8:205:6010:d558:c14d:1026:8d22 - - [28/Nov/2017:16:37:01 +0000] "GET /js/vendor.bundle.js HTTP/1.1" 200 - "http://[2001:da8:205:20a0:aa87:db8e:3ed8:9c51]:3000/" "Mozilla/5.0 (Windows NT 10.0; Win64; x64) AppleWebKit/537.36 (KHTML, like Gecko) Chrome/62.0.3202.94 Safari/537.36"
2001:da8:205:6010:d558:c14d:1026:8d22 - - [28/Nov/2017:16:37:05 +0000] "GET /api/characters/count HTTP/1.1" 200 - "http://[2001:da8:205:20a0:aa87:db8e:3ed8:9c51]:3000/" "Mozilla/5.0 (Windows NT 10.0; Win64; x64) AppleWebKit/537.36 (KHTML, like Gecko) Chrome/62.0.3202.94 Safari/537.36"
2001:da8:205:6010:d558:c14d:1026:8d22 - - [28/Nov/2017:16:37:05 +0000] "GET /api/characters/top HTTP/1.1" 200 - "http://[2001:da8:205:20a0:aa87:db8e:3ed8:9c51]:3000/" "Mozilla/5.0 (Windows NT 10.0; Win64; x64) AppleWebKit/537.36 (KHTML, like Gecko) Chrome/62.0.3202.94 Safari/537.36"
2001:da8:205:6010:d558:c14d:1026:8d22 - - [28/Nov/2017:16:37:34 +0000] "GET /base.pptx HTTP/1.1" 200 - "-" "Mozilla/5.0 (Windows NT 10.0; Win64; x64) AppleWebKit/537.36 (KHTML, like Gecko) Chrome/62.0.3202.94 Safari/537.36"
2001:da8:205:6010:d558:c14d:1026:8d22 - - [28/Nov/2017:16:37:34 +0000] "GET /css/main.css HTTP/1.1" 304 - "http://[2001:da8:205:20a0:aa87:db8e:3ed8:9c51]:3000/base.pptx" "Mozilla/5.0 (Windows NT 10.0; Win64; x64) AppleWebKit/537.36 (KHTML, like Gecko) Chrome/62.0.3202.94 Safari/537.36"
2001:da8:205:6010:d558:c14d:1026:8d22 - - [28/Nov/2017:16:37:34 +0000] "GET /css/style.css HTTP/1.1" 304 - "http://[2001:da8:205:20a0:aa87:db8e:3ed8:9c51]:3000/base.pptx" "Mozilla/5.0 (Windows NT 10.0; Win64; x64) AppleWebKit/537.36 (KHTML, like Gecko) Chrome/62.0.3202.94 Safari/537.36"
2001:da8:205:6010:d558:c14d:1026:8d22 - - [28/Nov/2017:16:37:34 +0000] "GET /js/vendor.js HTTP/1.1" 304 - "http://[2001:da8:205:20a0:aa87:db8e:3ed8:9c51]:3000/base.pptx" "Mozilla/5.0 (Windows NT 10.0; Win64; x64) AppleWebKit/537.36 (KHTML, like Gecko) Chrome/62.0.3202.94 Safari/537.36"
2001:da8:205:6010:d558:c14d:1026:8d22 - - [28/Nov/2017:16:37:34 +0000] "GET /js/vendor.bundle.js HTTP/1.1" 304 - "http://[2001:da8:205:20a0:aa87:db8e:3ed8:9c51]:3000/base.pptx" "Mozilla/5.0 (Windows NT 10.0; Win64; x64) AppleWebKit/537.36 (KHTML, like Gecko) Chrome/62.0.3202.94 Safari/537.36"
2001:da8:205:6010:d558:c14d:1026:8d22 - - [28/Nov/2017:16:37:34 +0000] "GET /js/bundle.js HTTP/1.1" 304 - "http://[2001:da8:205:20a0:aa87:db8e:3ed8:9c51]:3000/base.pptx" "Mozilla/5.0 (Windows NT 10.0; Win64; x64) AppleWebKit/537.36 (KHTML, like Gecko) Chrome/62.0.3202.94 Safari/537.36"
2001:da8:205:6010:d558:c14d:1026:8d22 - - [28/Nov/2017:16:37:35 +0000] "GET /api/characters/count HTTP/1.1" 200 - "http://[2001:da8:205:20a0:aa87:db8e:3ed8:9c51]:3000/base.pptx" "Mozilla/5.0 (Windows NT 10.0; Win64; x64) AppleWebKit/537.36 (KHTML, like Gecko) Chrome/62.0.3202.94 Safari/537.36"
2001:da8:205:6010:d558:c14d:1026:8d22 - - [28/Nov/2017:16:37:35 +0000] "GET /api/characters/top HTTP/1.1" 200 - "http://[2001:da8:205:20a0:aa87:db8e:3ed8:9c51]:3000/base.pptx" "Mozilla/5.0 (Windows NT 10.0; Win64; x64) AppleWebKit/537.36 (KHTML, like Gecko) Chrome/62.0.3202.94 Safari/537.36"
2001:da8:205:6010:d558:c14d:1026:8d22 - - [28/Nov/2017:16:37:35 +0000] "GET /api/characters/top HTTP/1.1" 200 - "http://[2001:da8:205:20a0:aa87:db8e:3ed8:9c51]:3000/base.pptx" "Mozilla/5.0 (Windows NT 10.0; Win64; x64) AppleWebKit/537.36 (KHTML, like Gecko) Chrome/62.0.3202.94 Safari/537.36"
2001:da8:205:6010:d558:c14d:1026:8d22 - - [28/Nov/2017:16:37:35 +0000] "GET /favicon.ico HTTP/1.1" 200 - "http://[2001:da8:205:20a0:aa87:db8e:3ed8:9c51]:3000/base.pptx" "Mozilla/5.0 (Windows NT 10.0; Win64; x64) AppleWebKit/537.36 (KHTML, like Gecko) Chrome/62.0.3202.94 Safari/537.36"
2001:da8:205:6010:d558:c14d:1026:8d22 - - [28/Nov/2017:16:37:44 +0000] "GET /js/vendor.bundle.js HTTP/1.1" 200 - "http://[2001:da8:205:20a0:aa87:db8e:3ed8:9c51]:3000/base.pptx" "Mozilla/5.0 (Windows NT 10.0; Win64; x64) AppleWebKit/537.36 (KHTML, like Gecko) Chrome/62.0.3202.94 Safari/537.36"
2001:da8:205:6010:d558:c14d:1026:8d22 - - [28/Nov/2017:16:37:46 +0000] "GET / HTTP/1.1" 200 - "http://[2001:da8:205:20a0:aa87:db8e:3ed8:9c51]:3000/services" "Mozilla/5.0 (Windows NT 10.0; Win64; x64) AppleWebKit/537.36 (KHTML, like Gecko) Chrome/62.0.3202.94 Safari/537.36"
2001:da8:205:6010:d558:c14d:1026:8d22 - - [28/Nov/2017:16:37:46 +0000] "GET /img/2.jpg HTTP/1.1" 206 944458 "http://[2001:da8:205:20a0:aa87:db8e:3ed8:9c51]:3000/" "Mozilla/5.0 (Windows NT 10.0; Win64; x64) AppleWebKit/537.36 (KHTML, like Gecko) Chrome/62.0.3202.94 Safari/537.36"
2001:da8:205:6010:d558:c14d:1026:8d22 - - [28/Nov/2017:16:37:46 +0000] "GET /css/main.css HTTP/1.1" 304 - "http://[2001:da8:205:20a0:aa87:db8e:3ed8:9c51]:3000/" "Mozilla/5.0 (Windows NT 10.0; Win64; x64) AppleWebKit/537.36 (KHTML, like Gecko) Chrome/62.0.3202.94 Safari/537.36"
2001:da8:205:6010:d558:c14d:1026:8d22 - - [28/Nov/2017:16:37:46 +0000] "GET /css/style.css HTTP/1.1" 304 - "http://[2001:da8:205:20a0:aa87:db8e:3ed8:9c51]:3000/" "Mozilla/5.0 (Windows NT 10.0; Win64; x64) AppleWebKit/537.36 (KHTML, like Gecko) Chrome/62.0.3202.94 Safari/537.36"
2001:da8:205:6010:d558:c14d:1026:8d22 - - [28/Nov/2017:16:37:46 +0000] "GET /js/vendor.js HTTP/1.1" 304 - "http://[2001:da8:205:20a0:aa87:db8e:3ed8:9c51]:3000/" "Mozilla/5.0 (Windows NT 10.0; Win64; x64) AppleWebKit/537.36 (KHTML, like Gecko) Chrome/62.0.3202.94 Safari/537.36"
2001:da8:205:6010:d558:c14d:1026:8d22 - - [28/Nov/2017:16:37:46 +0000] "GET /js/vendor.bundle.js HTTP/1.1" 304 - "http://[2001:da8:205:20a0:aa87:db8e:3ed8:9c51]:3000/" "Mozilla/5.0 (Windows NT 10.0; Win64; x64) AppleWebKit/537.36 (KHTML, like Gecko) Chrome/62.0.3202.94 Safari/537.36"
2001:da8:205:6010:d558:c14d:1026:8d22 - - [28/Nov/2017:16:37:46 +0000] "GET /js/bundle.js HTTP/1.1" 304 - "http://[2001:da8:205:20a0:aa87:db8e:3ed8:9c51]:3000/" "Mozilla/5.0 (Windows NT 10.0; Win64; x64) AppleWebKit/537.36 (KHTML, like Gecko) Chrome/62.0.3202.94 Safari/537.36"
2001:da8:205:6010:d558:c14d:1026:8d22 - - [28/Nov/2017:16:37:46 +0000] "GET /img/1.jpg HTTP/1.1" 206 1 "http://[2001:da8:205:20a0:aa87:db8e:3ed8:9c51]:3000/" "Mozilla/5.0 (Windows NT 10.0; Win64; x64) AppleWebKit/537.36 (KHTML, like Gecko) Chrome/62.0.3202.94 Safari/537.36"
2001:da8:205:6010:d558:c14d:1026:8d22 - - [28/Nov/2017:16:37:46 +0000] "GET /img/2.jpg HTTP/1.1" 206 1 "http://[2001:da8:205:20a0:aa87:db8e:3ed8:9c51]:3000/" "Mozilla/5.0 (Windows NT 10.0; Win64; x64) AppleWebKit/537.36 (KHTML, like Gecko) Chrome/62.0.3202.94 Safari/537.36"
2001:da8:205:6010:d558:c14d:1026:8d22 - - [28/Nov/2017:16:37:46 +0000] "GET /img/3.jpg HTTP/1.1" 206 1 "http://[2001:da8:205:20a0:aa87:db8e:3ed8:9c51]:3000/" "Mozilla/5.0 (Windows NT 10.0; Win64; x64) AppleWebKit/537.36 (KHTML, like Gecko) Chrome/62.0.3202.94 Safari/537.36"
2001:da8:205:6010:d558:c14d:1026:8d22 - - [28/Nov/2017:16:37:46 +0000] "GET /img/3.jpg HTTP/1.1" 206 764660 "http://[2001:da8:205:20a0:aa87:db8e:3ed8:9c51]:3000/" "Mozilla/5.0 (Windows NT 10.0; Win64; x64) AppleWebKit/537.36 (KHTML, like Gecko) Chrome/62.0.3202.94 Safari/537.36"
2001:da8:205:6010:d558:c14d:1026:8d22 - - [28/Nov/2017:16:37:46 +0000] "GET /img/os.png HTTP/1.1" 304 - "http://[2001:da8:205:20a0:aa87:db8e:3ed8:9c51]:3000/" "Mozilla/5.0 (Windows NT 10.0; Win64; x64) AppleWebKit/537.36 (KHTML, like Gecko) Chrome/62.0.3202.94 Safari/537.36"
2001:da8:205:6010:d558:c14d:1026:8d22 - - [28/Nov/2017:16:37:46 +0000] "GET /img/line.png HTTP/1.1" 304 - "http://[2001:da8:205:20a0:aa87:db8e:3ed8:9c51]:3000/" "Mozilla/5.0 (Windows NT 10.0; Win64; x64) AppleWebKit/537.36 (KHTML, like Gecko) Chrome/62.0.3202.94 Safari/537.36"
2001:da8:205:6010:d558:c14d:1026:8d22 - - [28/Nov/2017:16:37:46 +0000] "GET /img/bigdata.png HTTP/1.1" 304 - "http://[2001:da8:205:20a0:aa87:db8e:3ed8:9c51]:3000/" "Mozilla/5.0 (Windows NT 10.0; Win64; x64) AppleWebKit/537.36 (KHTML, like Gecko) Chrome/62.0.3202.94 Safari/537.36"
2001:da8:205:6010:d558:c14d:1026:8d22 - - [28/Nov/2017:16:37:46 +0000] "GET /img/hhh.png HTTP/1.1" 304 - "http://[2001:da8:205:20a0:aa87:db8e:3ed8:9c51]:3000/" "Mozilla/5.0 (Windows NT 10.0; Win64; x64) AppleWebKit/537.36 (KHTML, like Gecko) Chrome/62.0.3202.94 Safari/537.36"
2001:da8:205:6010:d558:c14d:1026:8d22 - - [28/Nov/2017:16:37:46 +0000] "GET /img/ruijie_sw.jpg HTTP/1.1" 304 - "http://[2001:da8:205:20a0:aa87:db8e:3ed8:9c51]:3000/" "Mozilla/5.0 (Windows NT 10.0; Win64; x64) AppleWebKit/537.36 (KHTML, like Gecko) Chrome/62.0.3202.94 Safari/537.36"
2001:da8:205:6010:d558:c14d:1026:8d22 - - [28/Nov/2017:16:37:46 +0000] "GET /img/line1.png HTTP/1.1" 200 - "http://[2001:da8:205:20a0:aa87:db8e:3ed8:9c51]:3000/" "Mozilla/5.0 (Windows NT 10.0; Win64; x64) AppleWebKit/537.36 (KHTML, like Gecko) Chrome/62.0.3202.94 Safari/537.36"
2001:da8:205:6010:d558:c14d:1026:8d22 - - [28/Nov/2017:16:37:46 +0000] "GET /api/characters/count HTTP/1.1" 200 - "http://[2001:da8:205:20a0:aa87:db8e:3ed8:9c51]:3000/" "Mozilla/5.0 (Windows NT 10.0; Win64; x64) AppleWebKit/537.36 (KHTML, like Gecko) Chrome/62.0.3202.94 Safari/537.36"
2001:da8:205:6010:d558:c14d:1026:8d22 - - [28/Nov/2017:16:37:47 +0000] "GET /api/characters/top HTTP/1.1" 200 - "http://[2001:da8:205:20a0:aa87:db8e:3ed8:9c51]:3000/" "Mozilla/5.0 (Windows NT 10.0; Win64; x64) AppleWebKit/537.36 (KHTML, like Gecko) Chrome/62.0.3202.94 Safari/537.36"
2001:da8:205:6010:d558:c14d:1026:8d22 - - [28/Nov/2017:16:37:47 +0000] "GET /img/tianrongxin_ids.jpg HTTP/1.1" 304 - "http://[2001:da8:205:20a0:aa87:db8e:3ed8:9c51]:3000/" "Mozilla/5.0 (Windows NT 10.0; Win64; x64) AppleWebKit/537.36 (KHTML, like Gecko) Chrome/62.0.3202.94 Safari/537.36"
2001:da8:205:6010:d558:c14d:1026:8d22 - - [28/Nov/2017:16:37:47 +0000] "GET /img/cisco.jpeg HTTP/1.1" 304 - "http://[2001:da8:205:20a0:aa87:db8e:3ed8:9c51]:3000/" "Mozilla/5.0 (Windows NT 10.0; Win64; x64) AppleWebKit/537.36 (KHTML, like Gecko) Chrome/62.0.3202.94 Safari/537.36"
2001:da8:205:6010:d558:c14d:1026:8d22 - - [28/Nov/2017:16:37:47 +0000] "GET /img/tianrongxin.png HTTP/1.1" 304 - "http://[2001:da8:205:20a0:aa87:db8e:3ed8:9c51]:3000/" "Mozilla/5.0 (Windows NT 10.0; Win64; x64) AppleWebKit/537.36 (KHTML, like Gecko) Chrome/62.0.3202.94 Safari/537.36"
2001:da8:205:6010:d558:c14d:1026:8d22 - - [28/Nov/2017:16:37:47 +0000] "GET /img/topology.jpg HTTP/1.1" 206 1 "http://[2001:da8:205:20a0:aa87:db8e:3ed8:9c51]:3000/" "Mozilla/5.0 (Windows NT 10.0; Win64; x64) AppleWebKit/537.36 (KHTML, like Gecko) Chrome/62.0.3202.94 Safari/537.36"
2001:da8:205:6010:d558:c14d:1026:8d22 - - [28/Nov/2017:16:37:47 +0000] "GET /img/topology.jpg HTTP/1.1" 206 38398 "http://[2001:da8:205:20a0:aa87:db8e:3ed8:9c51]:3000/" "Mozilla/5.0 (Windows NT 10.0; Win64; x64) AppleWebKit/537.36 (KHTML, like Gecko) Chrome/62.0.3202.94 Safari/537.36"
2001:da8:205:6010:d558:c14d:1026:8d22 - - [28/Nov/2017:16:37:47 +0000] "GET /img/slide_right.png HTTP/1.1" 304 - "http://[2001:da8:205:20a0:aa87:db8e:3ed8:9c51]:3000/css/style.css" "Mozilla/5.0 (Windows NT 10.0; Win64; x64) AppleWebKit/537.36 (KHTML, like Gecko) Chrome/62.0.3202.94 Safari/537.36"
2001:da8:205:6010:d558:c14d:1026:8d22 - - [28/Nov/2017:16:37:47 +0000] "GET /img/slide_left.png HTTP/1.1" 304 - "http://[2001:da8:205:20a0:aa87:db8e:3ed8:9c51]:3000/css/style.css" "Mozilla/5.0 (Windows NT 10.0; Win64; x64) AppleWebKit/537.36 (KHTML, like Gecko) Chrome/62.0.3202.94 Safari/537.36"
2001:da8:205:6010:d558:c14d:1026:8d22 - - [28/Nov/2017:16:37:48 +0000] "GET /img/topology.jpg HTTP/1.1" 200 52516 "http://[2001:da8:205:20a0:aa87:db8e:3ed8:9c51]:3000/" "Mozilla/5.0 (Windows NT 10.0; Win64; x64) AppleWebKit/537.36 (KHTML, like Gecko) Chrome/62.0.3202.94 Safari/537.36"
2001:da8:205:6010:d558:c14d:1026:8d22 - - [28/Nov/2017:16:37:50 +0000] "GET /img/3.jpg HTTP/1.1" 206 95399 "http://[2001:da8:205:20a0:aa87:db8e:3ed8:9c51]:3000/" "Mozilla/5.0 (Windows NT 10.0; Win64; x64) AppleWebKit/537.36 (KHTML, like Gecko) Chrome/62.0.3202.94 Safari/537.36"
2001:da8:205:6010:d558:c14d:1026:8d22 - - [28/Nov/2017:16:38:04 +0000] "GET /img/1.jpg HTTP/1.1" 206 388430 "http://[2001:da8:205:20a0:aa87:db8e:3ed8:9c51]:3000/" "Mozilla/5.0 (Windows NT 10.0; Win64; x64) AppleWebKit/537.36 (KHTML, like Gecko) Chrome/62.0.3202.94 Safari/537.36"
2001:da8:205:6010:d558:c14d:1026:8d22 - - [28/Nov/2017:16:38:10 +0000] "GET /css/main.css HTTP/1.1" 304 - "http://[2001:da8:205:20a0:aa87:db8e:3ed8:9c51]:3000/base.pptx" "Mozilla/5.0 (Windows NT 10.0; Win64; x64) AppleWebKit/537.36 (KHTML, like Gecko) Chrome/62.0.3202.94 Safari/537.36"
2001:da8:205:6010:d558:c14d:1026:8d22 - - [28/Nov/2017:16:38:10 +0000] "GET /css/style.css HTTP/1.1" 304 - "http://[2001:da8:205:20a0:aa87:db8e:3ed8:9c51]:3000/base.pptx" "Mozilla/5.0 (Windows NT 10.0; Win64; x64) AppleWebKit/537.36 (KHTML, like Gecko) Chrome/62.0.3202.94 Safari/537.36"
2001:da8:205:6010:d558:c14d:1026:8d22 - - [28/Nov/2017:16:38:27 +0000] "GET /img/2.jpg HTTP/1.1" 206 877117 "http://[2001:da8:205:20a0:aa87:db8e:3ed8:9c51]:3000/" "Mozilla/5.0 (Windows NT 10.0; Win64; x64) AppleWebKit/537.36 (KHTML, like Gecko) Chrome/62.0.3202.94 Safari/537.36"
2001:da8:205:6010:d558:c14d:1026:8d22 - - [28/Nov/2017:16:38:42 +0000] "GET /favicon.ico HTTP/1.1" 200 - "http://[2001:da8:205:20a0:aa87:db8e:3ed8:9c51]:3000/" "Mozilla/5.0 (Windows NT 10.0; Win64; x64) AppleWebKit/537.36 (KHTML, like Gecko) Chrome/62.0.3202.94 Safari/537.36"
2001:da8:205:6010:d558:c14d:1026:8d22 - - [28/Nov/2017:16:40:08 +0000] "GET /img/1.jpg HTTP/1.1" 206 530650 "http://[2001:da8:205:20a0:aa87:db8e:3ed8:9c51]:3000/" "Mozilla/5.0 (Windows NT 10.0; Win64; x64) AppleWebKit/537.36 (KHTML, like Gecko) Chrome/62.0.3202.94 Safari/537.36"
2001:da8:205:6010:d558:c14d:1026:8d22 - - [28/Nov/2017:16:41:41 +0000] "GET /img/1.jpg HTTP/1.1" 304 - "http://[2001:da8:205:20a0:aa87:db8e:3ed8:9c51]:3000/" "Mozilla/5.0 (Windows NT 10.0; Win64; x64) AppleWebKit/537.36 (KHTML, like Gecko) Chrome/62.0.3202.94 Safari/537.36"
2001:da8:205:6010:d558:c14d:1026:8d22 - - [28/Nov/2017:16:41:41 +0000] "GET /img/2.jpg HTTP/1.1" 304 - "http://[2001:da8:205:20a0:aa87:db8e:3ed8:9c51]:3000/" "Mozilla/5.0 (Windows NT 10.0; Win64; x64) AppleWebKit/537.36 (KHTML, like Gecko) Chrome/62.0.3202.94 Safari/537.36"
2001:da8:205:6010:d558:c14d:1026:8d22 - - [28/Nov/2017:16:41:41 +0000] "GET /img/os.png HTTP/1.1" 304 - "http://[2001:da8:205:20a0:aa87:db8e:3ed8:9c51]:3000/" "Mozilla/5.0 (Windows NT 10.0; Win64; x64) AppleWebKit/537.36 (KHTML, like Gecko) Chrome/62.0.3202.94 Safari/537.36"
2001:da8:205:6010:d558:c14d:1026:8d22 - - [28/Nov/2017:16:41:41 +0000] "GET /img/line.png HTTP/1.1" 304 - "http://[2001:da8:205:20a0:aa87:db8e:3ed8:9c51]:3000/" "Mozilla/5.0 (Windows NT 10.0; Win64; x64) AppleWebKit/537.36 (KHTML, like Gecko) Chrome/62.0.3202.94 Safari/537.36"
2001:da8:205:6010:d558:c14d:1026:8d22 - - [28/Nov/2017:16:41:41 +0000] "GET /img/3.jpg HTTP/1.1" 304 - "http://[2001:da8:205:20a0:aa87:db8e:3ed8:9c51]:3000/" "Mozilla/5.0 (Windows NT 10.0; Win64; x64) AppleWebKit/537.36 (KHTML, like Gecko) Chrome/62.0.3202.94 Safari/537.36"
2001:da8:205:6010:d558:c14d:1026:8d22 - - [28/Nov/2017:16:41:41 +0000] "GET /img/bigdata.png HTTP/1.1" 304 - "http://[2001:da8:205:20a0:aa87:db8e:3ed8:9c51]:3000/" "Mozilla/5.0 (Windows NT 10.0; Win64; x64) AppleWebKit/537.36 (KHTML, like Gecko) Chrome/62.0.3202.94 Safari/537.36"
2001:da8:205:6010:d558:c14d:1026:8d22 - - [28/Nov/2017:16:41:41 +0000] "GET /img/hhh.png HTTP/1.1" 304 - "http://[2001:da8:205:20a0:aa87:db8e:3ed8:9c51]:3000/" "Mozilla/5.0 (Windows NT 10.0; Win64; x64) AppleWebKit/537.36 (KHTML, like Gecko) Chrome/62.0.3202.94 Safari/537.36"
2001:da8:205:6010:d558:c14d:1026:8d22 - - [28/Nov/2017:16:41:41 +0000] "GET /img/ruijie_sw.jpg HTTP/1.1" 304 - "http://[2001:da8:205:20a0:aa87:db8e:3ed8:9c51]:3000/" "Mozilla/5.0 (Windows NT 10.0; Win64; x64) AppleWebKit/537.36 (KHTML, like Gecko) Chrome/62.0.3202.94 Safari/537.36"
2001:da8:205:6010:d558:c14d:1026:8d22 - - [28/Nov/2017:16:41:41 +0000] "GET /img/line1.png HTTP/1.1" 200 - "http://[2001:da8:205:20a0:aa87:db8e:3ed8:9c51]:3000/" "Mozilla/5.0 (Windows NT 10.0; Win64; x64) AppleWebKit/537.36 (KHTML, like Gecko) Chrome/62.0.3202.94 Safari/537.36"
2001:da8:205:6010:d558:c14d:1026:8d22 - - [28/Nov/2017:16:41:41 +0000] "GET /img/cisco.jpeg HTTP/1.1" 304 - "http://[2001:da8:205:20a0:aa87:db8e:3ed8:9c51]:3000/" "Mozilla/5.0 (Windows NT 10.0; Win64; x64) AppleWebKit/537.36 (KHTML, like Gecko) Chrome/62.0.3202.94 Safari/537.36"
2001:da8:205:6010:d558:c14d:1026:8d22 - - [28/Nov/2017:16:41:41 +0000] "GET /img/tianrongxin.png HTTP/1.1" 304 - "http://[2001:da8:205:20a0:aa87:db8e:3ed8:9c51]:3000/" "Mozilla/5.0 (Windows NT 10.0; Win64; x64) AppleWebKit/537.36 (KHTML, like Gecko) Chrome/62.0.3202.94 Safari/537.36"
2001:da8:205:6010:d558:c14d:1026:8d22 - - [28/Nov/2017:16:41:41 +0000] "GET /img/tianrongxin_ids.jpg HTTP/1.1" 304 - "http://[2001:da8:205:20a0:aa87:db8e:3ed8:9c51]:3000/" "Mozilla/5.0 (Windows NT 10.0; Win64; x64) AppleWebKit/537.36 (KHTML, like Gecko) Chrome/62.0.3202.94 Safari/537.36"
2001:da8:205:6010:d558:c14d:1026:8d22 - - [28/Nov/2017:16:41:41 +0000] "GET /img/topology.jpg HTTP/1.1" 304 - "http://[2001:da8:205:20a0:aa87:db8e:3ed8:9c51]:3000/" "Mozilla/5.0 (Windows NT 10.0; Win64; x64) AppleWebKit/537.36 (KHTML, like Gecko) Chrome/62.0.3202.94 Safari/537.36"
2001:da8:205:6010:d558:c14d:1026:8d22 - - [28/Nov/2017:16:41:41 +0000] "GET /img/slide_right.png HTTP/1.1" 304 - "http://[2001:da8:205:20a0:aa87:db8e:3ed8:9c51]:3000/css/style.css" "Mozilla/5.0 (Windows NT 10.0; Win64; x64) AppleWebKit/537.36 (KHTML, like Gecko) Chrome/62.0.3202.94 Safari/537.36"
2001:da8:205:6010:d558:c14d:1026:8d22 - - [28/Nov/2017:16:41:41 +0000] "GET /img/slide_left.png HTTP/1.1" 304 - "http://[2001:da8:205:20a0:aa87:db8e:3ed8:9c51]:3000/css/style.css" "Mozilla/5.0 (Windows NT 10.0; Win64; x64) AppleWebKit/537.36 (KHTML, like Gecko) Chrome/62.0.3202.94 Safari/537.36"
2001:da8:205:6010:d558:c14d:1026:8d22 - - [28/Nov/2017:16:41:41 +0000] "GET /api/services HTTP/1.1" 200 703 "http://[2001:da8:205:20a0:aa87:db8e:3ed8:9c51]:3000/services" "Mozilla/5.0 (Windows NT 10.0; Win64; x64) AppleWebKit/537.36 (KHTML, like Gecko) Chrome/62.0.3202.94 Safari/537.36"
2001:da8:205:6010:d558:c14d:1026:8d22 - - [28/Nov/2017:16:41:42 +0000] "GET /img/line1.png HTTP/1.1" 200 - "http://[2001:da8:205:20a0:aa87:db8e:3ed8:9c51]:3000/" "Mozilla/5.0 (Windows NT 10.0; Win64; x64) AppleWebKit/537.36 (KHTML, like Gecko) Chrome/62.0.3202.94 Safari/537.36"
2001:da8:205:6010:d558:c14d:1026:8d22 - - [28/Nov/2017:16:42:08 +0000] "GET / HTTP/1.1" 200 - "-" "Mozilla/5.0 (Windows NT 10.0; Win64; x64) AppleWebKit/537.36 (KHTML, like Gecko) Chrome/62.0.3202.94 Safari/537.36"
2001:da8:205:6010:d558:c14d:1026:8d22 - - [28/Nov/2017:16:42:08 +0000] "GET /css/main.css HTTP/1.1" 304 - "http://[2001:da8:205:20a0:aa87:db8e:3ed8:9c51]:3000/" "Mozilla/5.0 (Windows NT 10.0; Win64; x64) AppleWebKit/537.36 (KHTML, like Gecko) Chrome/62.0.3202.94 Safari/537.36"
2001:da8:205:6010:d558:c14d:1026:8d22 - - [28/Nov/2017:16:42:08 +0000] "GET /css/style.css HTTP/1.1" 304 - "http://[2001:da8:205:20a0:aa87:db8e:3ed8:9c51]:3000/" "Mozilla/5.0 (Windows NT 10.0; Win64; x64) AppleWebKit/537.36 (KHTML, like Gecko) Chrome/62.0.3202.94 Safari/537.36"
2001:da8:205:6010:d558:c14d:1026:8d22 - - [28/Nov/2017:16:42:08 +0000] "GET /js/vendor.js HTTP/1.1" 304 - "http://[2001:da8:205:20a0:aa87:db8e:3ed8:9c51]:3000/" "Mozilla/5.0 (Windows NT 10.0; Win64; x64) AppleWebKit/537.36 (KHTML, like Gecko) Chrome/62.0.3202.94 Safari/537.36"
2001:da8:205:6010:d558:c14d:1026:8d22 - - [28/Nov/2017:16:42:08 +0000] "GET /js/vendor.bundle.js HTTP/1.1" 304 - "http://[2001:da8:205:20a0:aa87:db8e:3ed8:9c51]:3000/" "Mozilla/5.0 (Windows NT 10.0; Win64; x64) AppleWebKit/537.36 (KHTML, like Gecko) Chrome/62.0.3202.94 Safari/537.36"
2001:da8:205:6010:d558:c14d:1026:8d22 - - [28/Nov/2017:16:42:08 +0000] "GET /img/1.jpg HTTP/1.1" 304 - "http://[2001:da8:205:20a0:aa87:db8e:3ed8:9c51]:3000/" "Mozilla/5.0 (Windows NT 10.0; Win64; x64) AppleWebKit/537.36 (KHTML, like Gecko) Chrome/62.0.3202.94 Safari/537.36"
2001:da8:205:6010:d558:c14d:1026:8d22 - - [28/Nov/2017:16:42:08 +0000] "GET /img/2.jpg HTTP/1.1" 304 - "http://[2001:da8:205:20a0:aa87:db8e:3ed8:9c51]:3000/" "Mozilla/5.0 (Windows NT 10.0; Win64; x64) AppleWebKit/537.36 (KHTML, like Gecko) Chrome/62.0.3202.94 Safari/537.36"
2001:da8:205:6010:d558:c14d:1026:8d22 - - [28/Nov/2017:16:42:08 +0000] "GET /img/3.jpg HTTP/1.1" 304 - "http://[2001:da8:205:20a0:aa87:db8e:3ed8:9c51]:3000/" "Mozilla/5.0 (Windows NT 10.0; Win64; x64) AppleWebKit/537.36 (KHTML, like Gecko) Chrome/62.0.3202.94 Safari/537.36"
2001:da8:205:6010:d558:c14d:1026:8d22 - - [28/Nov/2017:16:42:08 +0000] "GET /img/os.png HTTP/1.1" 304 - "http://[2001:da8:205:20a0:aa87:db8e:3ed8:9c51]:3000/" "Mozilla/5.0 (Windows NT 10.0; Win64; x64) AppleWebKit/537.36 (KHTML, like Gecko) Chrome/62.0.3202.94 Safari/537.36"
2001:da8:205:6010:d558:c14d:1026:8d22 - - [28/Nov/2017:16:42:08 +0000] "GET /img/line.png HTTP/1.1" 304 - "http://[2001:da8:205:20a0:aa87:db8e:3ed8:9c51]:3000/" "Mozilla/5.0 (Windows NT 10.0; Win64; x64) AppleWebKit/537.36 (KHTML, like Gecko) Chrome/62.0.3202.94 Safari/537.36"
2001:da8:205:6010:d558:c14d:1026:8d22 - - [28/Nov/2017:16:42:08 +0000] "GET /img/bigdata.png HTTP/1.1" 304 - "http://[2001:da8:205:20a0:aa87:db8e:3ed8:9c51]:3000/" "Mozilla/5.0 (Windows NT 10.0; Win64; x64) AppleWebKit/537.36 (KHTML, like Gecko) Chrome/62.0.3202.94 Safari/537.36"
2001:da8:205:6010:d558:c14d:1026:8d22 - - [28/Nov/2017:16:42:08 +0000] "GET /img/ruijie_sw.jpg HTTP/1.1" 304 - "http://[2001:da8:205:20a0:aa87:db8e:3ed8:9c51]:3000/" "Mozilla/5.0 (Windows NT 10.0; Win64; x64) AppleWebKit/537.36 (KHTML, like Gecko) Chrome/62.0.3202.94 Safari/537.36"
2001:da8:205:6010:d558:c14d:1026:8d22 - - [28/Nov/2017:16:42:08 +0000] "GET /img/cisco.jpeg HTTP/1.1" 304 - "http://[2001:da8:205:20a0:aa87:db8e:3ed8:9c51]:3000/" "Mozilla/5.0 (Windows NT 10.0; Win64; x64) AppleWebKit/537.36 (KHTML, like Gecko) Chrome/62.0.3202.94 Safari/537.36"
2001:da8:205:6010:d558:c14d:1026:8d22 - - [28/Nov/2017:16:42:08 +0000] "GET /img/tianrongxin.png HTTP/1.1" 304 - "http://[2001:da8:205:20a0:aa87:db8e:3ed8:9c51]:3000/" "Mozilla/5.0 (Windows NT 10.0; Win64; x64) AppleWebKit/537.36 (KHTML, like Gecko) Chrome/62.0.3202.94 Safari/537.36"
2001:da8:205:6010:d558:c14d:1026:8d22 - - [28/Nov/2017:16:42:08 +0000] "GET /img/tianrongxin_ids.jpg HTTP/1.1" 304 - "http://[2001:da8:205:20a0:aa87:db8e:3ed8:9c51]:3000/" "Mozilla/5.0 (Windows NT 10.0; Win64; x64) AppleWebKit/537.36 (KHTML, like Gecko) Chrome/62.0.3202.94 Safari/537.36"
2001:da8:205:6010:d558:c14d:1026:8d22 - - [28/Nov/2017:16:42:08 +0000] "GET /img/line1.png HTTP/1.1" 200 - "http://[2001:da8:205:20a0:aa87:db8e:3ed8:9c51]:3000/" "Mozilla/5.0 (Windows NT 10.0; Win64; x64) AppleWebKit/537.36 (KHTML, like Gecko) Chrome/62.0.3202.94 Safari/537.36"
2001:da8:205:6010:d558:c14d:1026:8d22 - - [28/Nov/2017:16:42:08 +0000] "GET /js/bundle.js HTTP/1.1" 200 - "http://[2001:da8:205:20a0:aa87:db8e:3ed8:9c51]:3000/" "Mozilla/5.0 (Windows NT 10.0; Win64; x64) AppleWebKit/537.36 (KHTML, like Gecko) Chrome/62.0.3202.94 Safari/537.36"
2001:da8:205:6010:d558:c14d:1026:8d22 - - [28/Nov/2017:16:42:08 +0000] "GET /img/topology.jpg HTTP/1.1" 304 - "http://[2001:da8:205:20a0:aa87:db8e:3ed8:9c51]:3000/" "Mozilla/5.0 (Windows NT 10.0; Win64; x64) AppleWebKit/537.36 (KHTML, like Gecko) Chrome/62.0.3202.94 Safari/537.36"
2001:da8:205:6010:d558:c14d:1026:8d22 - - [28/Nov/2017:16:42:08 +0000] "GET /img/cloud.png HTTP/1.1" 200 3075 "http://[2001:da8:205:20a0:aa87:db8e:3ed8:9c51]:3000/" "Mozilla/5.0 (Windows NT 10.0; Win64; x64) AppleWebKit/537.36 (KHTML, like Gecko) Chrome/62.0.3202.94 Safari/537.36"
2001:da8:205:6010:d558:c14d:1026:8d22 - - [28/Nov/2017:16:42:08 +0000] "GET /img/1.jpg HTTP/1.1" 304 - "-" "Mozilla/5.0 (Windows NT 10.0; Win64; x64) AppleWebKit/537.36 (KHTML, like Gecko) Chrome/62.0.3202.94 Safari/537.36"
2001:da8:205:6010:d558:c14d:1026:8d22 - - [28/Nov/2017:16:42:08 +0000] "GET /img/3.jpg HTTP/1.1" 304 - "-" "Mozilla/5.0 (Windows NT 10.0; Win64; x64) AppleWebKit/537.36 (KHTML, like Gecko) Chrome/62.0.3202.94 Safari/537.36"
2001:da8:205:6010:d558:c14d:1026:8d22 - - [28/Nov/2017:16:42:08 +0000] "GET /img/slide_right.png HTTP/1.1" 304 - "http://[2001:da8:205:20a0:aa87:db8e:3ed8:9c51]:3000/css/style.css" "Mozilla/5.0 (Windows NT 10.0; Win64; x64) AppleWebKit/537.36 (KHTML, like Gecko) Chrome/62.0.3202.94 Safari/537.36"
2001:da8:205:6010:d558:c14d:1026:8d22 - - [28/Nov/2017:16:42:08 +0000] "GET /img/slide_left.png HTTP/1.1" 304 - "http://[2001:da8:205:20a0:aa87:db8e:3ed8:9c51]:3000/css/style.css" "Mozilla/5.0 (Windows NT 10.0; Win64; x64) AppleWebKit/537.36 (KHTML, like Gecko) Chrome/62.0.3202.94 Safari/537.36"
2001:da8:205:6010:d558:c14d:1026:8d22 - - [28/Nov/2017:16:42:08 +0000] "GET /api/characters/count HTTP/1.1" 200 - "http://[2001:da8:205:20a0:aa87:db8e:3ed8:9c51]:3000/" "Mozilla/5.0 (Windows NT 10.0; Win64; x64) AppleWebKit/537.36 (KHTML, like Gecko) Chrome/62.0.3202.94 Safari/537.36"
2001:da8:205:6010:d558:c14d:1026:8d22 - - [28/Nov/2017:16:42:08 +0000] "GET /api/characters/top HTTP/1.1" 200 - "http://[2001:da8:205:20a0:aa87:db8e:3ed8:9c51]:3000/" "Mozilla/5.0 (Windows NT 10.0; Win64; x64) AppleWebKit/537.36 (KHTML, like Gecko) Chrome/62.0.3202.94 Safari/537.36"
2001:da8:205:6010:d558:c14d:1026:8d22 - - [28/Nov/2017:16:42:23 +0000] "GET /base.pptx HTTP/1.1" 200 - "-" "Mozilla/5.0 (Windows NT 10.0; Win64; x64) AppleWebKit/537.36 (KHTML, like Gecko) Chrome/62.0.3202.94 Safari/537.36"
2001:da8:205:6010:d558:c14d:1026:8d22 - - [28/Nov/2017:16:42:23 +0000] "GET /css/main.css HTTP/1.1" 304 - "http://[2001:da8:205:20a0:aa87:db8e:3ed8:9c51]:3000/base.pptx" "Mozilla/5.0 (Windows NT 10.0; Win64; x64) AppleWebKit/537.36 (KHTML, like Gecko) Chrome/62.0.3202.94 Safari/537.36"
2001:da8:205:6010:d558:c14d:1026:8d22 - - [28/Nov/2017:16:42:23 +0000] "GET /css/style.css HTTP/1.1" 304 - "http://[2001:da8:205:20a0:aa87:db8e:3ed8:9c51]:3000/base.pptx" "Mozilla/5.0 (Windows NT 10.0; Win64; x64) AppleWebKit/537.36 (KHTML, like Gecko) Chrome/62.0.3202.94 Safari/537.36"
2001:da8:205:6010:d558:c14d:1026:8d22 - - [28/Nov/2017:16:42:23 +0000] "GET /js/vendor.js HTTP/1.1" 304 - "http://[2001:da8:205:20a0:aa87:db8e:3ed8:9c51]:3000/base.pptx" "Mozilla/5.0 (Windows NT 10.0; Win64; x64) AppleWebKit/537.36 (KHTML, like Gecko) Chrome/62.0.3202.94 Safari/537.36"
2001:da8:205:6010:d558:c14d:1026:8d22 - - [28/Nov/2017:16:42:23 +0000] "GET /js/vendor.bundle.js HTTP/1.1" 304 - "http://[2001:da8:205:20a0:aa87:db8e:3ed8:9c51]:3000/base.pptx" "Mozilla/5.0 (Windows NT 10.0; Win64; x64) AppleWebKit/537.36 (KHTML, like Gecko) Chrome/62.0.3202.94 Safari/537.36"
2001:da8:205:6010:d558:c14d:1026:8d22 - - [28/Nov/2017:16:42:23 +0000] "GET /js/bundle.js HTTP/1.1" 304 - "http://[2001:da8:205:20a0:aa87:db8e:3ed8:9c51]:3000/base.pptx" "Mozilla/5.0 (Windows NT 10.0; Win64; x64) AppleWebKit/537.36 (KHTML, like Gecko) Chrome/62.0.3202.94 Safari/537.36"
2001:da8:205:6010:d558:c14d:1026:8d22 - - [28/Nov/2017:16:42:23 +0000] "GET /api/characters/count HTTP/1.1" 200 - "http://[2001:da8:205:20a0:aa87:db8e:3ed8:9c51]:3000/base.pptx" "Mozilla/5.0 (Windows NT 10.0; Win64; x64) AppleWebKit/537.36 (KHTML, like Gecko) Chrome/62.0.3202.94 Safari/537.36"
2001:da8:205:6010:d558:c14d:1026:8d22 - - [28/Nov/2017:16:42:23 +0000] "GET /api/characters/top HTTP/1.1" 200 - "http://[2001:da8:205:20a0:aa87:db8e:3ed8:9c51]:3000/base.pptx" "Mozilla/5.0 (Windows NT 10.0; Win64; x64) AppleWebKit/537.36 (KHTML, like Gecko) Chrome/62.0.3202.94 Safari/537.36"
2001:da8:205:6010:d558:c14d:1026:8d22 - - [28/Nov/2017:16:42:23 +0000] "GET /api/characters/top HTTP/1.1" 200 - "http://[2001:da8:205:20a0:aa87:db8e:3ed8:9c51]:3000/base.pptx" "Mozilla/5.0 (Windows NT 10.0; Win64; x64) AppleWebKit/537.36 (KHTML, like Gecko) Chrome/62.0.3202.94 Safari/537.36"
2001:da8:205:6010:d558:c14d:1026:8d22 - - [28/Nov/2017:16:42:51 +0000] "GET /cloud.img HTTP/1.1" 200 - "-" "Mozilla/5.0 (Windows NT 10.0; Win64; x64) AppleWebKit/537.36 (KHTML, like Gecko) Chrome/62.0.3202.94 Safari/537.36"
2001:da8:205:6010:d558:c14d:1026:8d22 - - [28/Nov/2017:16:42:51 +0000] "GET /css/main.css HTTP/1.1" 304 - "http://[2001:da8:205:20a0:aa87:db8e:3ed8:9c51]:3000/cloud.img" "Mozilla/5.0 (Windows NT 10.0; Win64; x64) AppleWebKit/537.36 (KHTML, like Gecko) Chrome/62.0.3202.94 Safari/537.36"
2001:da8:205:6010:d558:c14d:1026:8d22 - - [28/Nov/2017:16:42:51 +0000] "GET /css/style.css HTTP/1.1" 304 - "http://[2001:da8:205:20a0:aa87:db8e:3ed8:9c51]:3000/cloud.img" "Mozilla/5.0 (Windows NT 10.0; Win64; x64) AppleWebKit/537.36 (KHTML, like Gecko) Chrome/62.0.3202.94 Safari/537.36"
2001:da8:205:6010:d558:c14d:1026:8d22 - - [28/Nov/2017:16:42:51 +0000] "GET /js/vendor.js HTTP/1.1" 304 - "http://[2001:da8:205:20a0:aa87:db8e:3ed8:9c51]:3000/cloud.img" "Mozilla/5.0 (Windows NT 10.0; Win64; x64) AppleWebKit/537.36 (KHTML, like Gecko) Chrome/62.0.3202.94 Safari/537.36"
2001:da8:205:6010:d558:c14d:1026:8d22 - - [28/Nov/2017:16:42:51 +0000] "GET /js/vendor.bundle.js HTTP/1.1" 304 - "http://[2001:da8:205:20a0:aa87:db8e:3ed8:9c51]:3000/cloud.img" "Mozilla/5.0 (Windows NT 10.0; Win64; x64) AppleWebKit/537.36 (KHTML, like Gecko) Chrome/62.0.3202.94 Safari/537.36"
2001:da8:205:6010:d558:c14d:1026:8d22 - - [28/Nov/2017:16:42:51 +0000] "GET /js/bundle.js HTTP/1.1" 304 - "http://[2001:da8:205:20a0:aa87:db8e:3ed8:9c51]:3000/cloud.img" "Mozilla/5.0 (Windows NT 10.0; Win64; x64) AppleWebKit/537.36 (KHTML, like Gecko) Chrome/62.0.3202.94 Safari/537.36"
2001:da8:205:6010:d558:c14d:1026:8d22 - - [28/Nov/2017:16:42:51 +0000] "GET /api/characters/count HTTP/1.1" 200 - "http://[2001:da8:205:20a0:aa87:db8e:3ed8:9c51]:3000/cloud.img" "Mozilla/5.0 (Windows NT 10.0; Win64; x64) AppleWebKit/537.36 (KHTML, like Gecko) Chrome/62.0.3202.94 Safari/537.36"
2001:da8:205:6010:d558:c14d:1026:8d22 - - [28/Nov/2017:16:42:51 +0000] "GET /api/characters/top HTTP/1.1" 200 - "http://[2001:da8:205:20a0:aa87:db8e:3ed8:9c51]:3000/cloud.img" "Mozilla/5.0 (Windows NT 10.0; Win64; x64) AppleWebKit/537.36 (KHTML, like Gecko) Chrome/62.0.3202.94 Safari/537.36"
2001:da8:205:6010:d558:c14d:1026:8d22 - - [28/Nov/2017:16:42:51 +0000] "GET /api/characters/top HTTP/1.1" 200 - "http://[2001:da8:205:20a0:aa87:db8e:3ed8:9c51]:3000/cloud.img" "Mozilla/5.0 (Windows NT 10.0; Win64; x64) AppleWebKit/537.36 (KHTML, like Gecko) Chrome/62.0.3202.94 Safari/537.36"
2001:da8:205:6010:d558:c14d:1026:8d22 - - [28/Nov/2017:16:43:01 +0000] "GET /img/cloud.img HTTP/1.1" 200 - "-" "Mozilla/5.0 (Windows NT 10.0; Win64; x64) AppleWebKit/537.36 (KHTML, like Gecko) Chrome/62.0.3202.94 Safari/537.36"
2001:da8:205:6010:d558:c14d:1026:8d22 - - [28/Nov/2017:16:43:01 +0000] "GET /css/main.css HTTP/1.1" 304 - "http://[2001:da8:205:20a0:aa87:db8e:3ed8:9c51]:3000/img/cloud.img" "Mozilla/5.0 (Windows NT 10.0; Win64; x64) AppleWebKit/537.36 (KHTML, like Gecko) Chrome/62.0.3202.94 Safari/537.36"
2001:da8:205:6010:d558:c14d:1026:8d22 - - [28/Nov/2017:16:43:01 +0000] "GET /css/style.css HTTP/1.1" 304 - "http://[2001:da8:205:20a0:aa87:db8e:3ed8:9c51]:3000/img/cloud.img" "Mozilla/5.0 (Windows NT 10.0; Win64; x64) AppleWebKit/537.36 (KHTML, like Gecko) Chrome/62.0.3202.94 Safari/537.36"
2001:da8:205:6010:d558:c14d:1026:8d22 - - [28/Nov/2017:16:43:01 +0000] "GET /js/vendor.js HTTP/1.1" 304 - "http://[2001:da8:205:20a0:aa87:db8e:3ed8:9c51]:3000/img/cloud.img" "Mozilla/5.0 (Windows NT 10.0; Win64; x64) AppleWebKit/537.36 (KHTML, like Gecko) Chrome/62.0.3202.94 Safari/537.36"
2001:da8:205:6010:d558:c14d:1026:8d22 - - [28/Nov/2017:16:43:01 +0000] "GET /js/vendor.bundle.js HTTP/1.1" 304 - "http://[2001:da8:205:20a0:aa87:db8e:3ed8:9c51]:3000/img/cloud.img" "Mozilla/5.0 (Windows NT 10.0; Win64; x64) AppleWebKit/537.36 (KHTML, like Gecko) Chrome/62.0.3202.94 Safari/537.36"
2001:da8:205:6010:d558:c14d:1026:8d22 - - [28/Nov/2017:16:43:01 +0000] "GET /js/bundle.js HTTP/1.1" 304 - "http://[2001:da8:205:20a0:aa87:db8e:3ed8:9c51]:3000/img/cloud.img" "Mozilla/5.0 (Windows NT 10.0; Win64; x64) AppleWebKit/537.36 (KHTML, like Gecko) Chrome/62.0.3202.94 Safari/537.36"
2001:da8:205:6010:d558:c14d:1026:8d22 - - [28/Nov/2017:16:43:02 +0000] "GET /api/characters/count HTTP/1.1" 200 - "http://[2001:da8:205:20a0:aa87:db8e:3ed8:9c51]:3000/img/cloud.img" "Mozilla/5.0 (Windows NT 10.0; Win64; x64) AppleWebKit/537.36 (KHTML, like Gecko) Chrome/62.0.3202.94 Safari/537.36"
2001:da8:205:6010:d558:c14d:1026:8d22 - - [28/Nov/2017:16:43:02 +0000] "GET /api/characters/top?race=cloud.img HTTP/1.1" 200 - "http://[2001:da8:205:20a0:aa87:db8e:3ed8:9c51]:3000/img/cloud.img" "Mozilla/5.0 (Windows NT 10.0; Win64; x64) AppleWebKit/537.36 (KHTML, like Gecko) Chrome/62.0.3202.94 Safari/537.36"
2001:da8:205:6010:d558:c14d:1026:8d22 - - [28/Nov/2017:16:43:02 +0000] "GET /api/characters/top HTTP/1.1" 200 - "http://[2001:da8:205:20a0:aa87:db8e:3ed8:9c51]:3000/img/cloud.img" "Mozilla/5.0 (Windows NT 10.0; Win64; x64) AppleWebKit/537.36 (KHTML, like Gecko) Chrome/62.0.3202.94 Safari/537.36"
2001:da8:205:6010:d558:c14d:1026:8d22 - - [28/Nov/2017:16:43:07 +0000] "GET /img/cloud.png HTTP/1.1" 304 - "-" "Mozilla/5.0 (Windows NT 10.0; Win64; x64) AppleWebKit/537.36 (KHTML, like Gecko) Chrome/62.0.3202.94 Safari/537.36"
2001:da8:205:6010:d558:c14d:1026:8d22 - - [28/Nov/2017:16:43:17 +0000] "GET /img/base.pptx HTTP/1.1" 200 1530783 "-" "Mozilla/5.0 (Windows NT 10.0; Win64; x64) AppleWebKit/537.36 (KHTML, like Gecko) Chrome/62.0.3202.94 Safari/537.36"
2001:da8:205:6010:d558:c14d:1026:8d22 - - [28/Nov/2017:17:15:15 +0000] "GET /open.pptx HTTP/1.1" 200 - "-" "Mozilla/5.0 (Windows NT 10.0; Win64; x64) AppleWebKit/537.36 (KHTML, like Gecko) Chrome/62.0.3202.94 Safari/537.36"
2001:da8:205:6010:d558:c14d:1026:8d22 - - [28/Nov/2017:17:15:15 +0000] "GET /css/main.css HTTP/1.1" 304 - "http://[2001:da8:205:20a0:aa87:db8e:3ed8:9c51]:3000/open.pptx" "Mozilla/5.0 (Windows NT 10.0; Win64; x64) AppleWebKit/537.36 (KHTML, like Gecko) Chrome/62.0.3202.94 Safari/537.36"
2001:da8:205:6010:d558:c14d:1026:8d22 - - [28/Nov/2017:17:15:15 +0000] "GET /css/style.css HTTP/1.1" 304 - "http://[2001:da8:205:20a0:aa87:db8e:3ed8:9c51]:3000/open.pptx" "Mozilla/5.0 (Windows NT 10.0; Win64; x64) AppleWebKit/537.36 (KHTML, like Gecko) Chrome/62.0.3202.94 Safari/537.36"
2001:da8:205:6010:d558:c14d:1026:8d22 - - [28/Nov/2017:17:15:15 +0000] "GET /js/vendor.js HTTP/1.1" 304 - "http://[2001:da8:205:20a0:aa87:db8e:3ed8:9c51]:3000/open.pptx" "Mozilla/5.0 (Windows NT 10.0; Win64; x64) AppleWebKit/537.36 (KHTML, like Gecko) Chrome/62.0.3202.94 Safari/537.36"
2001:da8:205:6010:d558:c14d:1026:8d22 - - [28/Nov/2017:17:15:15 +0000] "GET /js/vendor.bundle.js HTTP/1.1" 304 - "http://[2001:da8:205:20a0:aa87:db8e:3ed8:9c51]:3000/open.pptx" "Mozilla/5.0 (Windows NT 10.0; Win64; x64) AppleWebKit/537.36 (KHTML, like Gecko) Chrome/62.0.3202.94 Safari/537.36"
2001:da8:205:6010:d558:c14d:1026:8d22 - - [28/Nov/2017:17:15:15 +0000] "GET /js/bundle.js HTTP/1.1" 304 - "http://[2001:da8:205:20a0:aa87:db8e:3ed8:9c51]:3000/open.pptx" "Mozilla/5.0 (Windows NT 10.0; Win64; x64) AppleWebKit/537.36 (KHTML, like Gecko) Chrome/62.0.3202.94 Safari/537.36"
2001:da8:205:6010:d558:c14d:1026:8d22 - - [28/Nov/2017:17:15:15 +0000] "GET /api/characters/count HTTP/1.1" 200 - "http://[2001:da8:205:20a0:aa87:db8e:3ed8:9c51]:3000/open.pptx" "Mozilla/5.0 (Windows NT 10.0; Win64; x64) AppleWebKit/537.36 (KHTML, like Gecko) Chrome/62.0.3202.94 Safari/537.36"
2001:da8:205:6010:d558:c14d:1026:8d22 - - [28/Nov/2017:17:15:15 +0000] "GET /api/characters/top HTTP/1.1" 200 - "http://[2001:da8:205:20a0:aa87:db8e:3ed8:9c51]:3000/open.pptx" "Mozilla/5.0 (Windows NT 10.0; Win64; x64) AppleWebKit/537.36 (KHTML, like Gecko) Chrome/62.0.3202.94 Safari/537.36"
2001:da8:205:6010:d558:c14d:1026:8d22 - - [28/Nov/2017:17:15:15 +0000] "GET /api/characters/top HTTP/1.1" 200 - "http://[2001:da8:205:20a0:aa87:db8e:3ed8:9c51]:3000/open.pptx" "Mozilla/5.0 (Windows NT 10.0; Win64; x64) AppleWebKit/537.36 (KHTML, like Gecko) Chrome/62.0.3202.94 Safari/537.36"
2001:da8:205:6010:d558:c14d:1026:8d22 - - [28/Nov/2017:17:15:22 +0000] "GET /img/open.pptx HTTP/1.1" 200 138422 "-" "Mozilla/5.0 (Windows NT 10.0; Win64; x64) AppleWebKit/537.36 (KHTML, like Gecko) Chrome/62.0.3202.94 Safari/537.36"
::1 - - [29/Nov/2017:07:48:40 +0000] "GET / HTTP/1.1" 200 - "-" "Mozilla/5.0 (X11; Linux x86_64) AppleWebKit/537.36 (KHTML, like Gecko) Chrome/62.0.3202.89 Safari/537.36"
::1 - - [29/Nov/2017:07:48:40 +0000] "GET /css/main.css HTTP/1.1" 304 - "http://localhost:3000/" "Mozilla/5.0 (X11; Linux x86_64) AppleWebKit/537.36 (KHTML, like Gecko) Chrome/62.0.3202.89 Safari/537.36"
::1 - - [29/Nov/2017:07:48:40 +0000] "GET /js/vendor.js HTTP/1.1" 304 - "http://localhost:3000/" "Mozilla/5.0 (X11; Linux x86_64) AppleWebKit/537.36 (KHTML, like Gecko) Chrome/62.0.3202.89 Safari/537.36"
::1 - - [29/Nov/2017:07:48:40 +0000] "GET /css/style.css HTTP/1.1" 304 - "http://localhost:3000/" "Mozilla/5.0 (X11; Linux x86_64) AppleWebKit/537.36 (KHTML, like Gecko) Chrome/62.0.3202.89 Safari/537.36"
::1 - - [29/Nov/2017:07:48:40 +0000] "GET /js/vendor.bundle.js HTTP/1.1" 304 - "http://localhost:3000/" "Mozilla/5.0 (X11; Linux x86_64) AppleWebKit/537.36 (KHTML, like Gecko) Chrome/62.0.3202.89 Safari/537.36"
::1 - - [29/Nov/2017:07:48:40 +0000] "GET /js/bundle.js HTTP/1.1" 200 - "http://localhost:3000/" "Mozilla/5.0 (X11; Linux x86_64) AppleWebKit/537.36 (KHTML, like Gecko) Chrome/62.0.3202.89 Safari/537.36"
::1 - - [29/Nov/2017:07:48:40 +0000] "GET /img/1.jpg HTTP/1.1" 304 - "http://localhost:3000/" "Mozilla/5.0 (X11; Linux x86_64) AppleWebKit/537.36 (KHTML, like Gecko) Chrome/62.0.3202.89 Safari/537.36"
::1 - - [29/Nov/2017:07:48:40 +0000] "GET /img/2.jpg HTTP/1.1" 304 - "http://localhost:3000/" "Mozilla/5.0 (X11; Linux x86_64) AppleWebKit/537.36 (KHTML, like Gecko) Chrome/62.0.3202.89 Safari/537.36"
::1 - - [29/Nov/2017:07:48:40 +0000] "GET /img/3.jpg HTTP/1.1" 304 - "http://localhost:3000/" "Mozilla/5.0 (X11; Linux x86_64) AppleWebKit/537.36 (KHTML, like Gecko) Chrome/62.0.3202.89 Safari/537.36"
::1 - - [29/Nov/2017:07:48:40 +0000] "GET /img/os.png HTTP/1.1" 304 - "http://localhost:3000/" "Mozilla/5.0 (X11; Linux x86_64) AppleWebKit/537.36 (KHTML, like Gecko) Chrome/62.0.3202.89 Safari/537.36"
::1 - - [29/Nov/2017:07:48:40 +0000] "GET /img/line.png HTTP/1.1" 304 - "http://localhost:3000/" "Mozilla/5.0 (X11; Linux x86_64) AppleWebKit/537.36 (KHTML, like Gecko) Chrome/62.0.3202.89 Safari/537.36"
::1 - - [29/Nov/2017:07:48:40 +0000] "GET /img/bigdata.png HTTP/1.1" 304 - "http://localhost:3000/" "Mozilla/5.0 (X11; Linux x86_64) AppleWebKit/537.36 (KHTML, like Gecko) Chrome/62.0.3202.89 Safari/537.36"
::1 - - [29/Nov/2017:07:48:40 +0000] "GET /img/cloud.png HTTP/1.1" 304 - "http://localhost:3000/" "Mozilla/5.0 (X11; Linux x86_64) AppleWebKit/537.36 (KHTML, like Gecko) Chrome/62.0.3202.89 Safari/537.36"
::1 - - [29/Nov/2017:07:48:40 +0000] "GET /img/ruijie_sw.jpg HTTP/1.1" 304 - "http://localhost:3000/" "Mozilla/5.0 (X11; Linux x86_64) AppleWebKit/537.36 (KHTML, like Gecko) Chrome/62.0.3202.89 Safari/537.36"
::1 - - [29/Nov/2017:07:48:40 +0000] "GET /img/cisco.jpeg HTTP/1.1" 304 - "http://localhost:3000/" "Mozilla/5.0 (X11; Linux x86_64) AppleWebKit/537.36 (KHTML, like Gecko) Chrome/62.0.3202.89 Safari/537.36"
::1 - - [29/Nov/2017:07:48:40 +0000] "GET /img/line1.png HTTP/1.1" 200 - "http://localhost:3000/" "Mozilla/5.0 (X11; Linux x86_64) AppleWebKit/537.36 (KHTML, like Gecko) Chrome/62.0.3202.89 Safari/537.36"
::1 - - [29/Nov/2017:07:48:40 +0000] "GET /img/tianrongxin.png HTTP/1.1" 304 - "http://localhost:3000/" "Mozilla/5.0 (X11; Linux x86_64) AppleWebKit/537.36 (KHTML, like Gecko) Chrome/62.0.3202.89 Safari/537.36"
::1 - - [29/Nov/2017:07:48:40 +0000] "GET /img/tianrongxin_ids.jpg HTTP/1.1" 304 - "http://localhost:3000/" "Mozilla/5.0 (X11; Linux x86_64) AppleWebKit/537.36 (KHTML, like Gecko) Chrome/62.0.3202.89 Safari/537.36"
::1 - - [29/Nov/2017:07:48:40 +0000] "GET /img/topology.jpg HTTP/1.1" 304 - "http://localhost:3000/" "Mozilla/5.0 (X11; Linux x86_64) AppleWebKit/537.36 (KHTML, like Gecko) Chrome/62.0.3202.89 Safari/537.36"
::1 - - [29/Nov/2017:07:48:40 +0000] "GET /img/slide_right.png HTTP/1.1" 304 - "http://localhost:3000/css/style.css" "Mozilla/5.0 (X11; Linux x86_64) AppleWebKit/537.36 (KHTML, like Gecko) Chrome/62.0.3202.89 Safari/537.36"
::1 - - [29/Nov/2017:07:48:40 +0000] "GET /img/slide_left.png HTTP/1.1" 304 - "http://localhost:3000/css/style.css" "Mozilla/5.0 (X11; Linux x86_64) AppleWebKit/537.36 (KHTML, like Gecko) Chrome/62.0.3202.89 Safari/537.36"
::1 - - [29/Nov/2017:07:48:41 +0000] "GET /api/characters/top HTTP/1.1" 200 - "http://localhost:3000/" "Mozilla/5.0 (X11; Linux x86_64) AppleWebKit/537.36 (KHTML, like Gecko) Chrome/62.0.3202.89 Safari/537.36"
::1 - - [29/Nov/2017:07:48:41 +0000] "GET /api/characters/count HTTP/1.1" 200 - "http://localhost:3000/" "Mozilla/5.0 (X11; Linux x86_64) AppleWebKit/537.36 (KHTML, like Gecko) Chrome/62.0.3202.89 Safari/537.36"
::1 - - [29/Nov/2017:07:48:41 +0000] "GET /js/bundle.js.map HTTP/1.1" 200 - "-" "Mozilla/5.0 (X11; Linux x86_64) AppleWebKit/537.36 (KHTML, like Gecko) Chrome/62.0.3202.89 Safari/537.36"
::1 - - [29/Nov/2017:13:45:53 +0000] "GET / HTTP/1.1" 200 - "-" "Mozilla/5.0 (X11; Linux x86_64) AppleWebKit/537.36 (KHTML, like Gecko) Chrome/62.0.3202.89 Safari/537.36"
::1 - - [29/Nov/2017:13:45:53 +0000] "GET /css/main.css HTTP/1.1" 304 - "http://localhost:3000/" "Mozilla/5.0 (X11; Linux x86_64) AppleWebKit/537.36 (KHTML, like Gecko) Chrome/62.0.3202.89 Safari/537.36"
::1 - - [29/Nov/2017:13:45:53 +0000] "GET /css/style.css HTTP/1.1" 304 - "http://localhost:3000/" "Mozilla/5.0 (X11; Linux x86_64) AppleWebKit/537.36 (KHTML, like Gecko) Chrome/62.0.3202.89 Safari/537.36"
::1 - - [29/Nov/2017:13:45:53 +0000] "GET /img/2.jpg HTTP/1.1" 304 - "http://localhost:3000/" "Mozilla/5.0 (X11; Linux x86_64) AppleWebKit/537.36 (KHTML, like Gecko) Chrome/62.0.3202.89 Safari/537.36"
::1 - - [29/Nov/2017:13:45:53 +0000] "GET /js/vendor.bundle.js HTTP/1.1" 304 - "http://localhost:3000/" "Mozilla/5.0 (X11; Linux x86_64) AppleWebKit/537.36 (KHTML, like Gecko) Chrome/62.0.3202.89 Safari/537.36"
::1 - - [29/Nov/2017:13:45:53 +0000] "GET /img/3.jpg HTTP/1.1" 304 - "http://localhost:3000/" "Mozilla/5.0 (X11; Linux x86_64) AppleWebKit/537.36 (KHTML, like Gecko) Chrome/62.0.3202.89 Safari/537.36"
::1 - - [29/Nov/2017:13:45:53 +0000] "GET /img/1.jpg HTTP/1.1" 304 - "http://localhost:3000/" "Mozilla/5.0 (X11; Linux x86_64) AppleWebKit/537.36 (KHTML, like Gecko) Chrome/62.0.3202.89 Safari/537.36"
::1 - - [29/Nov/2017:13:45:53 +0000] "GET /js/vendor.js HTTP/1.1" 304 - "http://localhost:3000/" "Mozilla/5.0 (X11; Linux x86_64) AppleWebKit/537.36 (KHTML, like Gecko) Chrome/62.0.3202.89 Safari/537.36"
::1 - - [29/Nov/2017:13:45:53 +0000] "GET /js/bundle.js HTTP/1.1" 304 - "http://localhost:3000/" "Mozilla/5.0 (X11; Linux x86_64) AppleWebKit/537.36 (KHTML, like Gecko) Chrome/62.0.3202.89 Safari/537.36"
::1 - - [29/Nov/2017:13:45:53 +0000] "GET /img/os.png HTTP/1.1" 304 - "http://localhost:3000/" "Mozilla/5.0 (X11; Linux x86_64) AppleWebKit/537.36 (KHTML, like Gecko) Chrome/62.0.3202.89 Safari/537.36"
::1 - - [29/Nov/2017:13:45:53 +0000] "GET /img/line.png HTTP/1.1" 304 - "http://localhost:3000/" "Mozilla/5.0 (X11; Linux x86_64) AppleWebKit/537.36 (KHTML, like Gecko) Chrome/62.0.3202.89 Safari/537.36"
::1 - - [29/Nov/2017:13:45:53 +0000] "GET /img/bigdata.png HTTP/1.1" 304 - "http://localhost:3000/" "Mozilla/5.0 (X11; Linux x86_64) AppleWebKit/537.36 (KHTML, like Gecko) Chrome/62.0.3202.89 Safari/537.36"
::1 - - [29/Nov/2017:13:45:53 +0000] "GET /img/cloud.png HTTP/1.1" 304 - "http://localhost:3000/" "Mozilla/5.0 (X11; Linux x86_64) AppleWebKit/537.36 (KHTML, like Gecko) Chrome/62.0.3202.89 Safari/537.36"
::1 - - [29/Nov/2017:13:45:53 +0000] "GET /img/line1.png HTTP/1.1" 200 - "http://localhost:3000/" "Mozilla/5.0 (X11; Linux x86_64) AppleWebKit/537.36 (KHTML, like Gecko) Chrome/62.0.3202.89 Safari/537.36"
::1 - - [29/Nov/2017:13:45:53 +0000] "GET /img/ruijie_sw.jpg HTTP/1.1" 304 - "http://localhost:3000/" "Mozilla/5.0 (X11; Linux x86_64) AppleWebKit/537.36 (KHTML, like Gecko) Chrome/62.0.3202.89 Safari/537.36"
::1 - - [29/Nov/2017:13:45:53 +0000] "GET /img/cisco.jpeg HTTP/1.1" 304 - "http://localhost:3000/" "Mozilla/5.0 (X11; Linux x86_64) AppleWebKit/537.36 (KHTML, like Gecko) Chrome/62.0.3202.89 Safari/537.36"
::1 - - [29/Nov/2017:13:45:53 +0000] "GET /img/tianrongxin.png HTTP/1.1" 304 - "http://localhost:3000/" "Mozilla/5.0 (X11; Linux x86_64) AppleWebKit/537.36 (KHTML, like Gecko) Chrome/62.0.3202.89 Safari/537.36"
::1 - - [29/Nov/2017:13:45:53 +0000] "GET /img/topology.jpg HTTP/1.1" 304 - "http://localhost:3000/" "Mozilla/5.0 (X11; Linux x86_64) AppleWebKit/537.36 (KHTML, like Gecko) Chrome/62.0.3202.89 Safari/537.36"
::1 - - [29/Nov/2017:13:45:54 +0000] "GET /img/tianrongxin_ids.jpg HTTP/1.1" 304 - "http://localhost:3000/" "Mozilla/5.0 (X11; Linux x86_64) AppleWebKit/537.36 (KHTML, like Gecko) Chrome/62.0.3202.89 Safari/537.36"
::1 - - [29/Nov/2017:13:45:54 +0000] "GET /img/slide_right.png HTTP/1.1" 304 - "http://localhost:3000/css/style.css" "Mozilla/5.0 (X11; Linux x86_64) AppleWebKit/537.36 (KHTML, like Gecko) Chrome/62.0.3202.89 Safari/537.36"
::1 - - [29/Nov/2017:13:45:54 +0000] "GET /img/slide_left.png HTTP/1.1" 304 - "http://localhost:3000/css/style.css" "Mozilla/5.0 (X11; Linux x86_64) AppleWebKit/537.36 (KHTML, like Gecko) Chrome/62.0.3202.89 Safari/537.36"
::1 - - [29/Nov/2017:13:45:55 +0000] "GET /api/characters/count HTTP/1.1" 200 - "http://localhost:3000/" "Mozilla/5.0 (X11; Linux x86_64) AppleWebKit/537.36 (KHTML, like Gecko) Chrome/62.0.3202.89 Safari/537.36"
::1 - - [29/Nov/2017:13:45:55 +0000] "GET /api/characters/top HTTP/1.1" 200 - "http://localhost:3000/" "Mozilla/5.0 (X11; Linux x86_64) AppleWebKit/537.36 (KHTML, like Gecko) Chrome/62.0.3202.89 Safari/537.36"
